Linked: (/home/ryusei/orne_ws/devel/.private/mcl_3dl_msgs/lib/python3/dist-packages/mcl_3dl_msgs/__init__.py, /home/ryusei/orne_ws/devel/lib/python3/dist-packages/mcl_3dl_msgs/__init__.py)
Linked: (/home/ryusei/orne_ws/devel/.private/mcl_3dl_msgs/lib/python3/dist-packages/mcl_3dl_msgs/srv/__init__.py, /home/ryusei/orne_ws/devel/lib/python3/dist-packages/mcl_3dl_msgs/srv/__init__.py)
Linked: (/home/ryusei/orne_ws/devel/.private/mcl_3dl_msgs/lib/python3/dist-packages/mcl_3dl_msgs/srv/_LoadPCD.py, /home/ryusei/orne_ws/devel/lib/python3/dist-packages/mcl_3dl_msgs/srv/_LoadPCD.py)
Linked: (/home/ryusei/orne_ws/devel/.private/mcl_3dl_msgs/lib/python3/dist-packages/mcl_3dl_msgs/srv/_ResizeParticle.py, /home/ryusei/orne_ws/devel/lib/python3/dist-packages/mcl_3dl_msgs/srv/_ResizeParticle.py)
Linked: (/home/ryusei/orne_ws/devel/.private/mcl_3dl_msgs/lib/python3/dist-packages/mcl_3dl_msgs/msg/__init__.py, /home/ryusei/orne_ws/devel/lib/python3/dist-packages/mcl_3dl_msgs/msg/__init__.py)
Linked: (/home/ryusei/orne_ws/devel/.private/mcl_3dl_msgs/lib/python3/dist-packages/mcl_3dl_msgs/msg/_Status.py, /home/ryusei/orne_ws/devel/lib/python3/dist-packages/mcl_3dl_msgs/msg/_Status.py)
Linked: (/home/ryusei/orne_ws/devel/.private/mcl_3dl_msgs/lib/pkgconfig/mcl_3dl_msgs.pc, /home/ryusei/orne_ws/devel/lib/pkgconfig/mcl_3dl_msgs.pc)
Linked: (/home/ryusei/orne_ws/devel/.private/mcl_3dl_msgs/share/common-lisp/ros/mcl_3dl_msgs/srv/_package_LoadPCD.lisp, /home/ryusei/orne_ws/devel/share/common-lisp/ros/mcl_3dl_msgs/srv/_package_LoadPCD.lisp)
Linked: (/home/ryusei/orne_ws/devel/.private/mcl_3dl_msgs/share/common-lisp/ros/mcl_3dl_msgs/srv/ResizeParticle.lisp, /home/ryusei/orne_ws/devel/share/common-lisp/ros/mcl_3dl_msgs/srv/ResizeParticle.lisp)
Linked: (/home/ryusei/orne_ws/devel/.private/mcl_3dl_msgs/share/common-lisp/ros/mcl_3dl_msgs/srv/LoadPCD.lisp, /home/ryusei/orne_ws/devel/share/common-lisp/ros/mcl_3dl_msgs/srv/LoadPCD.lisp)
Linked: (/home/ryusei/orne_ws/devel/.private/mcl_3dl_msgs/share/common-lisp/ros/mcl_3dl_msgs/srv/mcl_3dl_msgs-srv.asd, /home/ryusei/orne_ws/devel/share/common-lisp/ros/mcl_3dl_msgs/srv/mcl_3dl_msgs-srv.asd)
Linked: (/home/ryusei/orne_ws/devel/.private/mcl_3dl_msgs/share/common-lisp/ros/mcl_3dl_msgs/srv/_package_ResizeParticle.lisp, /home/ryusei/orne_ws/devel/share/common-lisp/ros/mcl_3dl_msgs/srv/_package_ResizeParticle.lisp)
Linked: (/home/ryusei/orne_ws/devel/.private/mcl_3dl_msgs/share/common-lisp/ros/mcl_3dl_msgs/srv/_package.lisp, /home/ryusei/orne_ws/devel/share/common-lisp/ros/mcl_3dl_msgs/srv/_package.lisp)
Linked: (/home/ryusei/orne_ws/devel/.private/mcl_3dl_msgs/share/common-lisp/ros/mcl_3dl_msgs/msg/mcl_3dl_msgs-msg.asd, /home/ryusei/orne_ws/devel/share/common-lisp/ros/mcl_3dl_msgs/msg/mcl_3dl_msgs-msg.asd)
Linked: (/home/ryusei/orne_ws/devel/.private/mcl_3dl_msgs/share/common-lisp/ros/mcl_3dl_msgs/msg/_package_Status.lisp, /home/ryusei/orne_ws/devel/share/common-lisp/ros/mcl_3dl_msgs/msg/_package_Status.lisp)
Linked: (/home/ryusei/orne_ws/devel/.private/mcl_3dl_msgs/share/common-lisp/ros/mcl_3dl_msgs/msg/_package.lisp, /home/ryusei/orne_ws/devel/share/common-lisp/ros/mcl_3dl_msgs/msg/_package.lisp)
Linked: (/home/ryusei/orne_ws/devel/.private/mcl_3dl_msgs/share/common-lisp/ros/mcl_3dl_msgs/msg/Status.lisp, /home/ryusei/orne_ws/devel/share/common-lisp/ros/mcl_3dl_msgs/msg/Status.lisp)
Linked: (/home/ryusei/orne_ws/devel/.private/mcl_3dl_msgs/share/roseus/ros/mcl_3dl_msgs/manifest.l, /home/ryusei/orne_ws/devel/share/roseus/ros/mcl_3dl_msgs/manifest.l)
Linked: (/home/ryusei/orne_ws/devel/.private/mcl_3dl_msgs/share/roseus/ros/mcl_3dl_msgs/srv/ResizeParticle.l, /home/ryusei/orne_ws/devel/share/roseus/ros/mcl_3dl_msgs/srv/ResizeParticle.l)
Linked: (/home/ryusei/orne_ws/devel/.private/mcl_3dl_msgs/share/roseus/ros/mcl_3dl_msgs/srv/LoadPCD.l, /home/ryusei/orne_ws/devel/share/roseus/ros/mcl_3dl_msgs/srv/LoadPCD.l)
Linked: (/home/ryusei/orne_ws/devel/.private/mcl_3dl_msgs/share/roseus/ros/mcl_3dl_msgs/msg/Status.l, /home/ryusei/orne_ws/devel/share/roseus/ros/mcl_3dl_msgs/msg/Status.l)
Linked: (/home/ryusei/orne_ws/devel/.private/mcl_3dl_msgs/share/gennodejs/ros/mcl_3dl_msgs/_index.js, /home/ryusei/orne_ws/devel/share/gennodejs/ros/mcl_3dl_msgs/_index.js)
Linked: (/home/ryusei/orne_ws/devel/.private/mcl_3dl_msgs/share/gennodejs/ros/mcl_3dl_msgs/srv/ResizeParticle.js, /home/ryusei/orne_ws/devel/share/gennodejs/ros/mcl_3dl_msgs/srv/ResizeParticle.js)
Linked: (/home/ryusei/orne_ws/devel/.private/mcl_3dl_msgs/share/gennodejs/ros/mcl_3dl_msgs/srv/LoadPCD.js, /home/ryusei/orne_ws/devel/share/gennodejs/ros/mcl_3dl_msgs/srv/LoadPCD.js)
Linked: (/home/ryusei/orne_ws/devel/.private/mcl_3dl_msgs/share/gennodejs/ros/mcl_3dl_msgs/srv/_index.js, /home/ryusei/orne_ws/devel/share/gennodejs/ros/mcl_3dl_msgs/srv/_index.js)
Linked: (/home/ryusei/orne_ws/devel/.private/mcl_3dl_msgs/share/gennodejs/ros/mcl_3dl_msgs/msg/Status.js, /home/ryusei/orne_ws/devel/share/gennodejs/ros/mcl_3dl_msgs/msg/Status.js)
Linked: (/home/ryusei/orne_ws/devel/.private/mcl_3dl_msgs/share/gennodejs/ros/mcl_3dl_msgs/msg/_index.js, /home/ryusei/orne_ws/devel/share/gennodejs/ros/mcl_3dl_msgs/msg/_index.js)
Linked: (/home/ryusei/orne_ws/devel/.private/mcl_3dl_msgs/share/mcl_3dl_msgs/cmake/mcl_3dl_msgs-msg-paths.cmake, /home/ryusei/orne_ws/devel/share/mcl_3dl_msgs/cmake/mcl_3dl_msgs-msg-paths.cmake)
Linked: (/home/ryusei/orne_ws/devel/.private/mcl_3dl_msgs/share/mcl_3dl_msgs/cmake/mcl_3dl_msgsConfig.cmake, /home/ryusei/orne_ws/devel/share/mcl_3dl_msgs/cmake/mcl_3dl_msgsConfig.cmake)
Linked: (/home/ryusei/orne_ws/devel/.private/mcl_3dl_msgs/share/mcl_3dl_msgs/cmake/mcl_3dl_msgs-msg-extras.cmake, /home/ryusei/orne_ws/devel/share/mcl_3dl_msgs/cmake/mcl_3dl_msgs-msg-extras.cmake)
Linked: (/home/ryusei/orne_ws/devel/.private/mcl_3dl_msgs/share/mcl_3dl_msgs/cmake/mcl_3dl_msgsConfig-version.cmake, /home/ryusei/orne_ws/devel/share/mcl_3dl_msgs/cmake/mcl_3dl_msgsConfig-version.cmake)
Linked: (/home/ryusei/orne_ws/devel/.private/mcl_3dl_msgs/include/mcl_3dl_msgs/Status.h, /home/ryusei/orne_ws/devel/include/mcl_3dl_msgs/Status.h)
Linked: (/home/ryusei/orne_ws/devel/.private/mcl_3dl_msgs/include/mcl_3dl_msgs/LoadPCD.h, /home/ryusei/orne_ws/devel/include/mcl_3dl_msgs/LoadPCD.h)
Linked: (/home/ryusei/orne_ws/devel/.private/mcl_3dl_msgs/include/mcl_3dl_msgs/ResizeParticleRequest.h, /home/ryusei/orne_ws/devel/include/mcl_3dl_msgs/ResizeParticleRequest.h)
Linked: (/home/ryusei/orne_ws/devel/.private/mcl_3dl_msgs/include/mcl_3dl_msgs/LoadPCDResponse.h, /home/ryusei/orne_ws/devel/include/mcl_3dl_msgs/LoadPCDResponse.h)
Linked: (/home/ryusei/orne_ws/devel/.private/mcl_3dl_msgs/include/mcl_3dl_msgs/ResizeParticle.h, /home/ryusei/orne_ws/devel/include/mcl_3dl_msgs/ResizeParticle.h)
Linked: (/home/ryusei/orne_ws/devel/.private/mcl_3dl_msgs/include/mcl_3dl_msgs/LoadPCDRequest.h, /home/ryusei/orne_ws/devel/include/mcl_3dl_msgs/LoadPCDRequest.h)
Linked: (/home/ryusei/orne_ws/devel/.private/mcl_3dl_msgs/include/mcl_3dl_msgs/ResizeParticleResponse.h, /home/ryusei/orne_ws/devel/include/mcl_3dl_msgs/ResizeParticleResponse.h)
