[35m[1mScanning dependencies of target _mcl_3dl_msgs_generate_messages_check_deps_LoadPCD[0m
[  0%] Built target _mcl_3dl_msgs_generate_messages_check_deps_LoadPCD
[35m[1mScanning dependencies of target std_msgs_generate_messages_lisp[0m
[  0%] Built target std_msgs_generate_messages_lisp
[35m[1mScanning dependencies of target _mcl_3dl_msgs_generate_messages_check_deps_ResizeParticle[0m
[  0%] Built target _mcl_3dl_msgs_generate_messages_check_deps_ResizeParticle
[35m[1mScanning dependencies of target _mcl_3dl_msgs_generate_messages_check_deps_Status[0m
[  0%] Built target _mcl_3dl_msgs_generate_messages_check_deps_Status
[35m[1mScanning dependencies of target std_msgs_generate_messages_nodejs[0m
[  0%] Built target std_msgs_generate_messages_nodejs
[35m[1mScanning dependencies of target std_msgs_generate_messages_py[0m
[  0%] Built target std_msgs_generate_messages_py
[35m[1mScanning dependencies of target std_msgs_generate_messages_cpp[0m
[  0%] Built target std_msgs_generate_messages_cpp
[35m[1mScanning dependencies of target std_msgs_generate_messages_eus[0m
[  0%] Built target std_msgs_generate_messages_eus
[35m[1mScanning dependencies of target mcl_3dl_msgs_generate_messages_lisp[0m
[  5%] [34m[1mGenerating Lisp code from mcl_3dl_msgs/Status.msg[0m
[ 11%] [34m[1mGenerating Lisp code from mcl_3dl_msgs/ResizeParticle.srv[0m
[ 16%] [34m[1mGenerating Lisp code from mcl_3dl_msgs/LoadPCD.srv[0m
[ 16%] Built target mcl_3dl_msgs_generate_messages_lisp
[35m[1mScanning dependencies of target mcl_3dl_msgs_generate_messages_nodejs[0m
[ 22%] [34m[1mGenerating Javascript code from mcl_3dl_msgs/Status.msg[0m
[ 27%] [34m[1mGenerating Javascript code from mcl_3dl_msgs/ResizeParticle.srv[0m
[ 33%] [34m[1mGenerating Javascript code from mcl_3dl_msgs/LoadPCD.srv[0m
[ 33%] Built target mcl_3dl_msgs_generate_messages_nodejs
[35m[1mScanning dependencies of target mcl_3dl_msgs_generate_messages_py[0m
[ 38%] [34m[1mGenerating Python from MSG mcl_3dl_msgs/Status[0m
[ 44%] [34m[1mGenerating Python code from SRV mcl_3dl_msgs/ResizeParticle[0m
[ 50%] [34m[1mGenerating Python code from SRV mcl_3dl_msgs/LoadPCD[0m
[ 55%] [34m[1mGenerating Python msg __init__.py for mcl_3dl_msgs[0m
[ 61%] [34m[1mGenerating Python srv __init__.py for mcl_3dl_msgs[0m
[ 61%] Built target mcl_3dl_msgs_generate_messages_py
[35m[1mScanning dependencies of target mcl_3dl_msgs_generate_messages_cpp[0m
[ 66%] [34m[1mGenerating C++ code from mcl_3dl_msgs/Status.msg[0m
[ 72%] [34m[1mGenerating C++ code from mcl_3dl_msgs/ResizeParticle.srv[0m
[ 77%] [34m[1mGenerating C++ code from mcl_3dl_msgs/LoadPCD.srv[0m
[ 77%] Built target mcl_3dl_msgs_generate_messages_cpp
[35m[1mScanning dependencies of target mcl_3dl_msgs_generate_messages_eus[0m
[ 83%] [34m[1mGenerating EusLisp code from mcl_3dl_msgs/Status.msg[0m
[ 88%] [34m[1mGenerating EusLisp code from mcl_3dl_msgs/ResizeParticle.srv[0m
[ 94%] [34m[1mGenerating EusLisp code from mcl_3dl_msgs/LoadPCD.srv[0m
[100%] [34m[1mGenerating EusLisp manifest code for mcl_3dl_msgs[0m
[100%] Built target mcl_3dl_msgs_generate_messages_eus
[35m[1mScanning dependencies of target mcl_3dl_msgs_generate_messages[0m
[100%] Built target mcl_3dl_msgs_generate_messages
