Symlinking /home/ryusei/orne_ws/devel/lib/python3/dist-packages/mcl_3dl_msgs/__init__.py
Symlinking /home/ryusei/orne_ws/devel/lib/python3/dist-packages/mcl_3dl_msgs/srv/__init__.py
Symlinking /home/ryusei/orne_ws/devel/lib/python3/dist-packages/mcl_3dl_msgs/srv/_LoadPCD.py
Symlinking /home/ryusei/orne_ws/devel/lib/python3/dist-packages/mcl_3dl_msgs/srv/_ResizeParticle.py
Symlinking /home/ryusei/orne_ws/devel/lib/python3/dist-packages/mcl_3dl_msgs/msg/__init__.py
Symlinking /home/ryusei/orne_ws/devel/lib/python3/dist-packages/mcl_3dl_msgs/msg/_Status.py
Symlinking /home/ryusei/orne_ws/devel/lib/pkgconfig/mcl_3dl_msgs.pc
Symlinking /home/ryusei/orne_ws/devel/share/common-lisp/ros/mcl_3dl_msgs/srv/_package_LoadPCD.lisp
Symlinking /home/ryusei/orne_ws/devel/share/common-lisp/ros/mcl_3dl_msgs/srv/ResizeParticle.lisp
Symlinking /home/ryusei/orne_ws/devel/share/common-lisp/ros/mcl_3dl_msgs/srv/LoadPCD.lisp
Symlinking /home/ryusei/orne_ws/devel/share/common-lisp/ros/mcl_3dl_msgs/srv/mcl_3dl_msgs-srv.asd
Symlinking /home/ryusei/orne_ws/devel/share/common-lisp/ros/mcl_3dl_msgs/srv/_package_ResizeParticle.lisp
Symlinking /home/ryusei/orne_ws/devel/share/common-lisp/ros/mcl_3dl_msgs/srv/_package.lisp
Symlinking /home/ryusei/orne_ws/devel/share/common-lisp/ros/mcl_3dl_msgs/msg/mcl_3dl_msgs-msg.asd
Symlinking /home/ryusei/orne_ws/devel/share/common-lisp/ros/mcl_3dl_msgs/msg/_package_Status.lisp
Symlinking /home/ryusei/orne_ws/devel/share/common-lisp/ros/mcl_3dl_msgs/msg/_package.lisp
Symlinking /home/ryusei/orne_ws/devel/share/common-lisp/ros/mcl_3dl_msgs/msg/Status.lisp
Symlinking /home/ryusei/orne_ws/devel/share/roseus/ros/mcl_3dl_msgs/manifest.l
Symlinking /home/ryusei/orne_ws/devel/share/roseus/ros/mcl_3dl_msgs/srv/ResizeParticle.l
Symlinking /home/ryusei/orne_ws/devel/share/roseus/ros/mcl_3dl_msgs/srv/LoadPCD.l
Symlinking /home/ryusei/orne_ws/devel/share/roseus/ros/mcl_3dl_msgs/msg/Status.l
Symlinking /home/ryusei/orne_ws/devel/share/gennodejs/ros/mcl_3dl_msgs/_index.js
Symlinking /home/ryusei/orne_ws/devel/share/gennodejs/ros/mcl_3dl_msgs/srv/ResizeParticle.js
Symlinking /home/ryusei/orne_ws/devel/share/gennodejs/ros/mcl_3dl_msgs/srv/LoadPCD.js
Symlinking /home/ryusei/orne_ws/devel/share/gennodejs/ros/mcl_3dl_msgs/srv/_index.js
Symlinking /home/ryusei/orne_ws/devel/share/gennodejs/ros/mcl_3dl_msgs/msg/Status.js
Symlinking /home/ryusei/orne_ws/devel/share/gennodejs/ros/mcl_3dl_msgs/msg/_index.js
Symlinking /home/ryusei/orne_ws/devel/share/mcl_3dl_msgs/cmake/mcl_3dl_msgs-msg-paths.cmake
Symlinking /home/ryusei/orne_ws/devel/share/mcl_3dl_msgs/cmake/mcl_3dl_msgsConfig.cmake
Symlinking /home/ryusei/orne_ws/devel/share/mcl_3dl_msgs/cmake/mcl_3dl_msgs-msg-extras.cmake
Symlinking /home/ryusei/orne_ws/devel/share/mcl_3dl_msgs/cmake/mcl_3dl_msgsConfig-version.cmake
Symlinking /home/ryusei/orne_ws/devel/include/mcl_3dl_msgs/Status.h
Symlinking /home/ryusei/orne_ws/devel/include/mcl_3dl_msgs/LoadPCD.h
Symlinking /home/ryusei/orne_ws/devel/include/mcl_3dl_msgs/ResizeParticleRequest.h
Symlinking /home/ryusei/orne_ws/devel/include/mcl_3dl_msgs/LoadPCDResponse.h
Symlinking /home/ryusei/orne_ws/devel/include/mcl_3dl_msgs/ResizeParticle.h
Symlinking /home/ryusei/orne_ws/devel/include/mcl_3dl_msgs/LoadPCDRequest.h
Symlinking /home/ryusei/orne_ws/devel/include/mcl_3dl_msgs/ResizeParticleResponse.h
