This file contains any messages produced by compilers while
running configure, to aid debugging if configure makes a mistake.

It was created by yp-spur configure 1.14.0, which was
generated by GNU Autoconf 2.69.  Invocation command line was

  $ /home/ryusei/orne_ws/src/ypspur/configure --prefix=/home/ryusei/orne_ws/devel

## --------- ##
## Platform. ##
## --------- ##

hostname = ryuseibaba-ubuntu20
uname -m = x86_64
uname -r = 5.15.0-43-generic
uname -s = Linux
uname -v = #46~20.04.1-Ubuntu SMP Thu Jul 14 15:20:17 UTC 2022

/usr/bin/uname -p = x86_64
/bin/uname -X     = unknown

/bin/arch              = x86_64
/usr/bin/arch -k       = unknown
/usr/convex/getsysinfo = unknown
/usr/bin/hostinfo      = unknown
/bin/machine           = unknown
/usr/bin/oslevel       = unknown
/bin/universe          = unknown

PATH: /opt/ros/noetic/bin
PATH: /home/ryusei/.local/bin
PATH: /usr/local/sbin
PATH: /usr/local/bin
PATH: /usr/sbin
PATH: /usr/bin
PATH: /sbin
PATH: /bin
PATH: /usr/games
PATH: /usr/local/games
PATH: /snap/bin


## ----------- ##
## Core tests. ##
## ----------- ##

configure:2426: checking for a BSD-compatible install
configure:2494: result: /usr/bin/install -c
configure:2505: checking whether build environment is sane
configure:2560: result: yes
configure:2709: checking for a thread-safe mkdir -p
configure:2748: result: /usr/bin/mkdir -p
configure:2755: checking for gawk
configure:2785: result: no
configure:2755: checking for mawk
configure:2771: found /usr/bin/mawk
configure:2782: result: mawk
configure:2793: checking whether make sets $(MAKE)
configure:2815: result: yes
configure:2844: checking whether make supports nested variables
configure:2861: result: yes
configure:2988: checking whether to enable maintainer-specific portions of Makefiles
configure:2997: result: no
configure:3089: checking for gcc
configure:3105: found /usr/bin/gcc
configure:3116: result: gcc
configure:3345: checking for C compiler version
configure:3354: gcc --version >&5
gcc (Ubuntu 9.4.0-1ubuntu1~20.04.1) 9.4.0
Copyright (C) 2019 Free Software Foundation, Inc.
This is free software; see the source for copying conditions.  There is NO
warranty; not even for MERCHANTABILITY or FITNESS FOR A PARTICULAR PURPOSE.

configure:3365: $? = 0
configure:3354: gcc -v >&5
Using built-in specs.
COLLECT_GCC=gcc
COLLECT_LTO_WRAPPER=/usr/lib/gcc/x86_64-linux-gnu/9/lto-wrapper
OFFLOAD_TARGET_NAMES=nvptx-none:hsa
OFFLOAD_TARGET_DEFAULT=1
Target: x86_64-linux-gnu
Configured with: ../src/configure -v --with-pkgversion='Ubuntu 9.4.0-1ubuntu1~20.04.1' --with-bugurl=file:///usr/share/doc/gcc-9/README.Bugs --enable-languages=c,ada,c++,go,brig,d,fortran,objc,obj-c++,gm2 --prefix=/usr --with-gcc-major-version-only --program-suffix=-9 --program-prefix=x86_64-linux-gnu- --enable-shared --enable-linker-build-id --libexecdir=/usr/lib --without-included-gettext --enable-threads=posix --libdir=/usr/lib --enable-nls --enable-clocale=gnu --enable-libstdcxx-debug --enable-libstdcxx-time=yes --with-default-libstdcxx-abi=new --enable-gnu-unique-object --disable-vtable-verify --enable-plugin --enable-default-pie --with-system-zlib --with-target-system-zlib=auto --enable-objc-gc=auto --enable-multiarch --disable-werror --with-arch-32=i686 --with-abi=m64 --with-multilib-list=m32,m64,mx32 --enable-multilib --with-tune=generic --enable-offload-targets=nvptx-none=/build/gcc-9-Av3uEd/gcc-9-9.4.0/debian/tmp-nvptx/usr,hsa --without-cuda-driver --enable-checking=release --build=x86_64-linux-gnu --host=x86_64-linux-gnu --target=x86_64-linux-gnu
Thread model: posix
gcc version 9.4.0 (Ubuntu 9.4.0-1ubuntu1~20.04.1) 
configure:3365: $? = 0
configure:3354: gcc -V >&5
gcc: error: unrecognized command line option '-V'
gcc: fatal error: no input files
compilation terminated.
configure:3365: $? = 1
configure:3354: gcc -qversion >&5
gcc: error: unrecognized command line option '-qversion'; did you mean '--version'?
gcc: fatal error: no input files
compilation terminated.
configure:3365: $? = 1
configure:3385: checking whether the C compiler works
configure:3407: gcc    conftest.c  >&5
configure:3411: $? = 0
configure:3459: result: yes
configure:3462: checking for C compiler default output file name
configure:3464: result: a.out
configure:3470: checking for suffix of executables
configure:3477: gcc -o conftest    conftest.c  >&5
configure:3481: $? = 0
configure:3503: result: 
configure:3525: checking whether we are cross compiling
configure:3533: gcc -o conftest    conftest.c  >&5
configure:3537: $? = 0
configure:3544: ./conftest
configure:3548: $? = 0
configure:3536: result: no
configure:3541: checking for suffix of object files
configure:3563: gcc -c   conftest.c >&5
configure:3567: $? = 0
configure:3588: result: o
configure:3592: checking whether we are using the GNU C compiler
configure:3611: gcc -c   conftest.c >&5
configure:3611: $? = 0
configure:3620: result: yes
configure:3629: checking whether gcc accepts -g
configure:3649: gcc -c -g  conftest.c >&5
configure:3649: $? = 0
configure:3690: result: yes
configure:3707: checking for gcc option to accept ISO C89
configure:3770: gcc  -c -g -O2  conftest.c >&5
configure:3770: $? = 0
configure:3783: result: none needed
configure:3808: checking whether gcc understands -c and -o together
configure:3830: gcc -c conftest.c -o conftest2.o
configure:3833: $? = 0
configure:3830: gcc -c conftest.c -o conftest2.o
configure:3833: $? = 0
configure:3845: result: yes
configure:3873: checking for style of include used by make
configure:3901: result: GNU
configure:3927: checking dependency style of gcc
configure:4038: result: gcc3
configure:4111: checking for g++
configure:4127: found /usr/bin/g++
configure:4138: result: g++
configure:4165: checking for C++ compiler version
configure:4174: g++ --version >&5
g++ (Ubuntu 9.4.0-1ubuntu1~20.04.1) 9.4.0
Copyright (C) 2019 Free Software Foundation, Inc.
This is free software; see the source for copying conditions.  There is NO
warranty; not even for MERCHANTABILITY or FITNESS FOR A PARTICULAR PURPOSE.

configure:4185: $? = 0
configure:4174: g++ -v >&5
Using built-in specs.
COLLECT_GCC=g++
COLLECT_LTO_WRAPPER=/usr/lib/gcc/x86_64-linux-gnu/9/lto-wrapper
OFFLOAD_TARGET_NAMES=nvptx-none:hsa
OFFLOAD_TARGET_DEFAULT=1
Target: x86_64-linux-gnu
Configured with: ../src/configure -v --with-pkgversion='Ubuntu 9.4.0-1ubuntu1~20.04.1' --with-bugurl=file:///usr/share/doc/gcc-9/README.Bugs --enable-languages=c,ada,c++,go,brig,d,fortran,objc,obj-c++,gm2 --prefix=/usr --with-gcc-major-version-only --program-suffix=-9 --program-prefix=x86_64-linux-gnu- --enable-shared --enable-linker-build-id --libexecdir=/usr/lib --without-included-gettext --enable-threads=posix --libdir=/usr/lib --enable-nls --enable-clocale=gnu --enable-libstdcxx-debug --enable-libstdcxx-time=yes --with-default-libstdcxx-abi=new --enable-gnu-unique-object --disable-vtable-verify --enable-plugin --enable-default-pie --with-system-zlib --with-target-system-zlib=auto --enable-objc-gc=auto --enable-multiarch --disable-werror --with-arch-32=i686 --with-abi=m64 --with-multilib-list=m32,m64,mx32 --enable-multilib --with-tune=generic --enable-offload-targets=nvptx-none=/build/gcc-9-Av3uEd/gcc-9-9.4.0/debian/tmp-nvptx/usr,hsa --without-cuda-driver --enable-checking=release --build=x86_64-linux-gnu --host=x86_64-linux-gnu --target=x86_64-linux-gnu
Thread model: posix
gcc version 9.4.0 (Ubuntu 9.4.0-1ubuntu1~20.04.1) 
configure:4185: $? = 0
configure:4174: g++ -V >&5
g++: error: unrecognized command line option '-V'
g++: fatal error: no input files
compilation terminated.
configure:4185: $? = 1
configure:4174: g++ -qversion >&5
g++: error: unrecognized command line option '-qversion'; did you mean '--version'?
g++: fatal error: no input files
compilation terminated.
configure:4185: $? = 1
configure:4189: checking whether we are using the GNU C++ compiler
configure:4208: g++ -c   conftest.cpp >&5
configure:4208: $? = 0
configure:4217: result: yes
configure:4226: checking whether g++ accepts -g
configure:4246: g++ -c -g  conftest.cpp >&5
configure:4246: $? = 0
configure:4287: result: yes
configure:4312: checking dependency style of g++
configure:4423: result: gcc3
configure:4446: checking for pkg-config
configure:4462: found /usr/bin/pkg-config
configure:4473: result: pkg-config
configure:4494: checking for ssm-coordinator
configure:4524: result: no
configure:4538: checking how to run the C preprocessor
configure:4569: gcc -E  conftest.c
configure:4569: $? = 0
configure:4583: gcc -E  conftest.c
conftest.c:17:10: fatal error: ac_nonexistent.h: No such file or directory
   17 | #include <ac_nonexistent.h>
      |          ^~~~~~~~~~~~~~~~~~
compilation terminated.
configure:4583: $? = 1
configure: failed program was:
| /* confdefs.h */
| #define PACKAGE_NAME "yp-spur"
| #define PACKAGE_TARNAME "yp-spur"
| #define PACKAGE_VERSION "1.14.0"
| #define PACKAGE_STRING "yp-spur 1.14.0"
| #define PACKAGE_BUGREPORT "platform@roboken.esys.tsukuba.ac.jp"
| #define PACKAGE_URL ""
| #define PACKAGE "yp-spur"
| #define VERSION "1.14.0"
| #define YP_VENDOR_NAME "Univ. of Tsukuba - Intelligent Robot Lab."
| #define YP_PRODUCT_NAME "Yamabico Project - Spur"
| #define YP_FIRMWARE_NAME "2013.10.18"
| #define YP_PROTOCOL_NAME "YPP:06:00"
| #define YP_PARAMS_DIR "robot-params"
| #define HAVE_PKG_CONFIG 1
| /* end confdefs.h.  */
| #include <ac_nonexistent.h>
configure:4608: result: gcc -E
configure:4628: gcc -E  conftest.c
configure:4628: $? = 0
configure:4642: gcc -E  conftest.c
conftest.c:17:10: fatal error: ac_nonexistent.h: No such file or directory
   17 | #include <ac_nonexistent.h>
      |          ^~~~~~~~~~~~~~~~~~
compilation terminated.
configure:4642: $? = 1
configure: failed program was:
| /* confdefs.h */
| #define PACKAGE_NAME "yp-spur"
| #define PACKAGE_TARNAME "yp-spur"
| #define PACKAGE_VERSION "1.14.0"
| #define PACKAGE_STRING "yp-spur 1.14.0"
| #define PACKAGE_BUGREPORT "platform@roboken.esys.tsukuba.ac.jp"
| #define PACKAGE_URL ""
| #define PACKAGE "yp-spur"
| #define VERSION "1.14.0"
| #define YP_VENDOR_NAME "Univ. of Tsukuba - Intelligent Robot Lab."
| #define YP_PRODUCT_NAME "Yamabico Project - Spur"
| #define YP_FIRMWARE_NAME "2013.10.18"
| #define YP_PROTOCOL_NAME "YPP:06:00"
| #define YP_PARAMS_DIR "robot-params"
| #define HAVE_PKG_CONFIG 1
| /* end confdefs.h.  */
| #include <ac_nonexistent.h>
configure:4671: checking for grep that handles long lines and -e
configure:4729: result: /usr/bin/grep
configure:4734: checking for egrep
configure:4796: result: /usr/bin/grep -E
configure:4801: checking for ANSI C header files
configure:4821: gcc -c -g -O2  conftest.c >&5
configure:4821: $? = 0
configure:4894: gcc -o conftest -g -O2   conftest.c  >&5
configure:4894: $? = 0
configure:4894: ./conftest
configure:4894: $? = 0
configure:4905: result: yes
configure:4918: checking for sys/types.h
configure:4918: gcc -c -g -O2  conftest.c >&5
configure:4918: $? = 0
configure:4918: result: yes
configure:4918: checking for sys/stat.h
configure:4918: gcc -c -g -O2  conftest.c >&5
configure:4918: $? = 0
configure:4918: result: yes
configure:4918: checking for stdlib.h
configure:4918: gcc -c -g -O2  conftest.c >&5
configure:4918: $? = 0
configure:4918: result: yes
configure:4918: checking for string.h
configure:4918: gcc -c -g -O2  conftest.c >&5
configure:4918: $? = 0
configure:4918: result: yes
configure:4918: checking for memory.h
configure:4918: gcc -c -g -O2  conftest.c >&5
configure:4918: $? = 0
configure:4918: result: yes
configure:4918: checking for strings.h
configure:4918: gcc -c -g -O2  conftest.c >&5
configure:4918: $? = 0
configure:4918: result: yes
configure:4918: checking for inttypes.h
configure:4918: gcc -c -g -O2  conftest.c >&5
configure:4918: $? = 0
configure:4918: result: yes
configure:4918: checking for stdint.h
configure:4918: gcc -c -g -O2  conftest.c >&5
configure:4918: $? = 0
configure:4918: result: yes
configure:4918: checking for unistd.h
configure:4918: gcc -c -g -O2  conftest.c >&5
configure:4918: $? = 0
configure:4918: result: yes
configure:4932: checking ssm.h usability
configure:4932: gcc -c -g -O2  conftest.c >&5
conftest.c:60:10: fatal error: ssm.h: No such file or directory
   60 | #include <ssm.h>
      |          ^~~~~~~
compilation terminated.
configure:4932: $? = 1
configure: failed program was:
| /* confdefs.h */
| #define PACKAGE_NAME "yp-spur"
| #define PACKAGE_TARNAME "yp-spur"
| #define PACKAGE_VERSION "1.14.0"
| #define PACKAGE_STRING "yp-spur 1.14.0"
| #define PACKAGE_BUGREPORT "platform@roboken.esys.tsukuba.ac.jp"
| #define PACKAGE_URL ""
| #define PACKAGE "yp-spur"
| #define VERSION "1.14.0"
| #define YP_VENDOR_NAME "Univ. of Tsukuba - Intelligent Robot Lab."
| #define YP_PRODUCT_NAME "Yamabico Project - Spur"
| #define YP_FIRMWARE_NAME "2013.10.18"
| #define YP_PROTOCOL_NAME "YPP:06:00"
| #define YP_PARAMS_DIR "robot-params"
| #define HAVE_PKG_CONFIG 1
| #define STDC_HEADERS 1
| #define HAVE_SYS_TYPES_H 1
| #define HAVE_SYS_STAT_H 1
| #define HAVE_STDLIB_H 1
| #define HAVE_STRING_H 1
| #define HAVE_MEMORY_H 1
| #define HAVE_STRINGS_H 1
| #define HAVE_INTTYPES_H 1
| #define HAVE_STDINT_H 1
| #define HAVE_UNISTD_H 1
| /* end confdefs.h.  */
| #include <stdio.h>
| #ifdef HAVE_SYS_TYPES_H
| # include <sys/types.h>
| #endif
| #ifdef HAVE_SYS_STAT_H
| # include <sys/stat.h>
| #endif
| #ifdef STDC_HEADERS
| # include <stdlib.h>
| # include <stddef.h>
| #else
| # ifdef HAVE_STDLIB_H
| #  include <stdlib.h>
| # endif
| #endif
| #ifdef HAVE_STRING_H
| # if !defined STDC_HEADERS && defined HAVE_MEMORY_H
| #  include <memory.h>
| # endif
| # include <string.h>
| #endif
| #ifdef HAVE_STRINGS_H
| # include <strings.h>
| #endif
| #ifdef HAVE_INTTYPES_H
| # include <inttypes.h>
| #endif
| #ifdef HAVE_STDINT_H
| # include <stdint.h>
| #endif
| #ifdef HAVE_UNISTD_H
| # include <unistd.h>
| #endif
| #include <ssm.h>
configure:4932: result: no
configure:4932: checking ssm.h presence
configure:4932: gcc -E  conftest.c
conftest.c:27:10: fatal error: ssm.h: No such file or directory
   27 | #include <ssm.h>
      |          ^~~~~~~
compilation terminated.
configure:4932: $? = 1
configure: failed program was:
| /* confdefs.h */
| #define PACKAGE_NAME "yp-spur"
| #define PACKAGE_TARNAME "yp-spur"
| #define PACKAGE_VERSION "1.14.0"
| #define PACKAGE_STRING "yp-spur 1.14.0"
| #define PACKAGE_BUGREPORT "platform@roboken.esys.tsukuba.ac.jp"
| #define PACKAGE_URL ""
| #define PACKAGE "yp-spur"
| #define VERSION "1.14.0"
| #define YP_VENDOR_NAME "Univ. of Tsukuba - Intelligent Robot Lab."
| #define YP_PRODUCT_NAME "Yamabico Project - Spur"
| #define YP_FIRMWARE_NAME "2013.10.18"
| #define YP_PROTOCOL_NAME "YPP:06:00"
| #define YP_PARAMS_DIR "robot-params"
| #define HAVE_PKG_CONFIG 1
| #define STDC_HEADERS 1
| #define HAVE_SYS_TYPES_H 1
| #define HAVE_SYS_STAT_H 1
| #define HAVE_STDLIB_H 1
| #define HAVE_STRING_H 1
| #define HAVE_MEMORY_H 1
| #define HAVE_STRINGS_H 1
| #define HAVE_INTTYPES_H 1
| #define HAVE_STDINT_H 1
| #define HAVE_UNISTD_H 1
| /* end confdefs.h.  */
| #include <ssm.h>
configure:4932: result: no
configure:4932: checking for ssm.h
configure:4932: result: no
configure:4963: WARNING: ********** w/o SSM **********
configure:4977: checking for sh-coff-gcc
configure:5007: result: no
configure:4977: checking for sh-hitachi-coff-gcc
configure:5007: result: no
configure:5019: checking for sh-coff-ar
configure:5049: result: no
configure:5019: checking for sh-hitachi-coff-ar
configure:5049: result: no
configure:5061: checking for sh-coff-objcopy
configure:5091: result: no
configure:5061: checking for sh-hitachi-coff-objcopy
configure:5091: result: no
configure:5112: checking for sh-elf-gcc
configure:5142: result: no
configure:5112: checking for sh-hitachi-elf-gcc
configure:5142: result: no
configure:5154: checking for sh-elf-ar
configure:5184: result: no
configure:5154: checking for sh-hitachi-elf-ar
configure:5184: result: no
configure:5196: checking for sh-elf-objcopy
configure:5226: result: no
configure:5196: checking for sh-hitachi-elf-objcopy
configure:5226: result: no
configure:5249: checking build system type
configure:5263: result: x86_64-unknown-linux-gnu
configure:5283: checking host system type
configure:5296: result: x86_64-unknown-linux-gnu
configure:5665: checking how to print strings
configure:5692: result: printf
configure:5713: checking for a sed that does not truncate output
configure:5777: result: /usr/bin/sed
configure:5795: checking for fgrep
configure:5857: result: /usr/bin/grep -F
configure:5892: checking for ld used by gcc
configure:5959: result: /usr/bin/ld
configure:5966: checking if the linker (/usr/bin/ld) is GNU ld
configure:5981: result: yes
configure:5993: checking for BSD- or MS-compatible name lister (nm)
configure:6042: result: /usr/bin/nm -B
configure:6172: checking the name lister (/usr/bin/nm -B) interface
configure:6179: gcc -c -g -O2  conftest.c >&5
configure:6182: /usr/bin/nm -B "conftest.o"
configure:6185: output
0000000000000000 B some_variable
configure:6186: result: BSD nm
configure:6189: checking whether ln -s works
configure:6193: result: yes
configure:6201: checking the maximum length of command line arguments
configure:6331: result: 1572864
configure:6348: checking whether the shell understands some XSI constructs
configure:6357: result: yes
configure:6361: checking whether the shell understands "+="
configure:6365: result: yes
configure:6400: checking how to convert x86_64-unknown-linux-gnu file names to x86_64-unknown-linux-gnu format
configure:6440: result: func_convert_file_noop
configure:6447: checking how to convert x86_64-unknown-linux-gnu file names to toolchain format
configure:6467: result: func_convert_file_noop
configure:6474: checking for /usr/bin/ld option to reload object files
configure:6481: result: -r
configure:6555: checking for objdump
configure:6582: result: objdump
configure:6611: checking how to recognize dependent libraries
configure:6813: result: pass_all
configure:6898: checking for dlltool
configure:6925: result: dlltool
configure:6955: checking how to associate runtime and link libraries
configure:6982: result: printf %s\n
configure:7042: checking for ar
configure:7058: found /usr/bin/ar
configure:7069: result: ar
configure:7106: checking for archiver @FILE support
configure:7123: gcc -c -g -O2  conftest.c >&5
configure:7123: $? = 0
configure:7126: ar cru libconftest.a @conftest.lst >&5
ar: `u' modifier ignored since `D' is the default (see `U')
configure:7129: $? = 0
configure:7134: ar cru libconftest.a @conftest.lst >&5
ar: `u' modifier ignored since `D' is the default (see `U')
ar: conftest.o: No such file or directory
configure:7137: $? = 1
configure:7136: result: @
configure:7194: checking for strip
configure:7210: found /usr/bin/strip
configure:7221: result: strip
configure:7293: checking for ranlib
configure:7309: found /usr/bin/ranlib
configure:7320: result: ranlib
configure:7422: checking command to parse /usr/bin/nm -B output from gcc object
configure:7542: gcc -c -g -O2  conftest.c >&5
configure:7545: $? = 0
configure:7549: /usr/bin/nm -B conftest.o \| sed -n -e 's/^.*[ ]\([ABCDGIRSTW][ABCDGIRSTW]*\)[ ][ ]*\([_A-Za-z][_A-Za-z0-9]*\)$/\1 \2 \2/p' | sed '/ __gnu_lto/d' \> conftest.nm
configure:7552: $? = 0
configure:7618: gcc -o conftest -g -O2   conftest.c conftstm.o >&5
configure:7621: $? = 0
configure:7659: result: ok
configure:7696: checking for sysroot
configure:7726: result: no
configure:7803: gcc -c -g -O2  conftest.c >&5
configure:7806: $? = 0
configure:7982: checking for mt
configure:7998: found /usr/bin/mt
configure:8009: result: mt
configure:8032: checking if mt is a manifest tool
configure:8038: mt '-?'
configure:8046: result: no
configure:8685: checking for dlfcn.h
configure:8685: gcc -c -g -O2  conftest.c >&5
configure:8685: $? = 0
configure:8685: result: yes
configure:8900: checking for objdir
configure:8915: result: .libs
configure:9186: checking if gcc supports -fno-rtti -fno-exceptions
configure:9204: gcc -c -g -O2  -fno-rtti -fno-exceptions conftest.c >&5
cc1: warning: command line option '-fno-rtti' is valid for C++/D/ObjC++ but not for C
configure:9208: $? = 0
configure:9221: result: no
configure:9548: checking for gcc option to produce PIC
configure:9555: result: -fPIC -DPIC
configure:9563: checking if gcc PIC flag -fPIC -DPIC works
configure:9581: gcc -c -g -O2  -fPIC -DPIC -DPIC conftest.c >&5
configure:9585: $? = 0
configure:9598: result: yes
configure:9627: checking if gcc static flag -static works
configure:9655: result: yes
configure:9670: checking if gcc supports -c -o file.o
configure:9691: gcc -c -g -O2  -o out/conftest2.o conftest.c >&5
configure:9695: $? = 0
configure:9717: result: yes
configure:9725: checking if gcc supports -c -o file.o
configure:9772: result: yes
configure:9805: checking whether the gcc linker (/usr/bin/ld -m elf_x86_64) supports shared libraries
configure:10958: result: yes
configure:10995: checking whether -lc should be explicitly linked in
configure:11003: gcc -c -g -O2  conftest.c >&5
configure:11006: $? = 0
configure:11021: gcc -shared  -fPIC -DPIC conftest.o  -v -Wl,-soname -Wl,conftest -o conftest 2\>\&1 \| /usr/bin/grep  -lc  \>/dev/null 2\>\&1
configure:11024: $? = 0
configure:11038: result: no
configure:11198: checking dynamic linker characteristics
configure:11709: gcc -o conftest -g -O2   -Wl,-rpath -Wl,/foo conftest.c  >&5
configure:11709: $? = 0
configure:11931: result: GNU/Linux ld.so
configure:12038: checking how to hardcode library paths into programs
configure:12063: result: immediate
configure:12603: checking whether stripping libraries is possible
configure:12608: result: yes
configure:12643: checking if libtool supports shared libraries
configure:12645: result: yes
configure:12648: checking whether to build shared libraries
configure:12669: result: yes
configure:12672: checking whether to build static libraries
configure:12676: result: yes
configure:9709: checking how to run the C++ preprocessor
configure:9736: g++ -E  conftest.cpp
configure:9736: $? = 0
configure:9750: g++ -E  conftest.cpp
conftest.cpp:29:10: fatal error: ac_nonexistent.h: No such file or directory
   29 | #include <ac_nonexistent.h>
      |          ^~~~~~~~~~~~~~~~~~
compilation terminated.
configure:9750: $? = 1
configure: failed program was:
| /* confdefs.h */
| #define PACKAGE_NAME "yp-spur"
| #define PACKAGE_TARNAME "yp-spur"
| #define PACKAGE_VERSION "1.14.0"
| #define PACKAGE_STRING "yp-spur 1.14.0"
| #define PACKAGE_BUGREPORT "platform@roboken.esys.tsukuba.ac.jp"
| #define PACKAGE_URL ""
| #define PACKAGE "yp-spur"
| #define VERSION "1.14.0"
| #define YP_VENDOR_NAME "Univ. of Tsukuba - Intelligent Robot Lab."
| #define YP_PRODUCT_NAME "Yamabico Project - Spur"
| #define YP_FIRMWARE_NAME "2013.10.18"
| #define YP_PROTOCOL_NAME "YPP:06:00"
| #define YP_PARAMS_DIR "robot-params"
| #define HAVE_PKG_CONFIG 1
| #define STDC_HEADERS 1
| #define HAVE_SYS_TYPES_H 1
| #define HAVE_SYS_STAT_H 1
| #define HAVE_STDLIB_H 1
| #define HAVE_STRING_H 1
| #define HAVE_MEMORY_H 1
| #define HAVE_STRINGS_H 1
| #define HAVE_INTTYPES_H 1
| #define HAVE_STDINT_H 1
| #define HAVE_UNISTD_H 1
| #define HAVE_DLFCN_H 1
| #define LT_OBJDIR ".libs/"
| /* end confdefs.h.  */
| #include <ac_nonexistent.h>
configure:9775: result: g++ -E
configure:9795: g++ -E  conftest.cpp
configure:9795: $? = 0
configure:9809: g++ -E  conftest.cpp
conftest.cpp:29:10: fatal error: ac_nonexistent.h: No such file or directory
   29 | #include <ac_nonexistent.h>
      |          ^~~~~~~~~~~~~~~~~~
compilation terminated.
configure:9809: $? = 1
configure: failed program was:
| /* confdefs.h */
| #define PACKAGE_NAME "yp-spur"
| #define PACKAGE_TARNAME "yp-spur"
| #define PACKAGE_VERSION "1.14.0"
| #define PACKAGE_STRING "yp-spur 1.14.0"
| #define PACKAGE_BUGREPORT "platform@roboken.esys.tsukuba.ac.jp"
| #define PACKAGE_URL ""
| #define PACKAGE "yp-spur"
| #define VERSION "1.14.0"
| #define YP_VENDOR_NAME "Univ. of Tsukuba - Intelligent Robot Lab."
| #define YP_PRODUCT_NAME "Yamabico Project - Spur"
| #define YP_FIRMWARE_NAME "2013.10.18"
| #define YP_PROTOCOL_NAME "YPP:06:00"
| #define YP_PARAMS_DIR "robot-params"
| #define HAVE_PKG_CONFIG 1
| #define STDC_HEADERS 1
| #define HAVE_SYS_TYPES_H 1
| #define HAVE_SYS_STAT_H 1
| #define HAVE_STDLIB_H 1
| #define HAVE_STRING_H 1
| #define HAVE_MEMORY_H 1
| #define HAVE_STRINGS_H 1
| #define HAVE_INTTYPES_H 1
| #define HAVE_STDINT_H 1
| #define HAVE_UNISTD_H 1
| #define HAVE_DLFCN_H 1
| #define LT_OBJDIR ".libs/"
| /* end confdefs.h.  */
| #include <ac_nonexistent.h>
configure:9978: checking for ld used by g++
configure:10045: result: /usr/bin/ld -m elf_x86_64
configure:10052: checking if the linker (/usr/bin/ld -m elf_x86_64) is GNU ld
configure:10067: result: yes
configure:10122: checking whether the g++ linker (/usr/bin/ld -m elf_x86_64) supports shared libraries
configure:11127: result: yes
configure:11163: g++ -c -g -O2  conftest.cpp >&5
configure:11166: $? = 0
configure:11686: checking for g++ option to produce PIC
configure:11693: result: -fPIC -DPIC
configure:11701: checking if g++ PIC flag -fPIC -DPIC works
configure:11719: g++ -c -g -O2  -fPIC -DPIC -DPIC conftest.cpp >&5
configure:11723: $? = 0
configure:11736: result: yes
configure:11759: checking if g++ static flag -static works
configure:11787: result: yes
configure:11799: checking if g++ supports -c -o file.o
configure:11820: g++ -c -g -O2  -o out/conftest2.o conftest.cpp >&5
configure:11824: $? = 0
configure:11846: result: yes
configure:11851: checking if g++ supports -c -o file.o
configure:11898: result: yes
configure:11928: checking whether the g++ linker (/usr/bin/ld -m elf_x86_64) supports shared libraries
configure:11964: result: yes
configure:12105: checking dynamic linker characteristics
configure:12772: result: GNU/Linux ld.so
configure:12825: checking how to hardcode library paths into programs
configure:12850: result: immediate
configure:11853: checking for ANSI C header files
configure:11957: result: yes
configure:11968: checking fcntl.h usability
configure:11968: gcc -c -g -O2  conftest.c >&5
configure:11968: $? = 0
configure:11968: result: yes
configure:11968: checking fcntl.h presence
configure:11968: gcc -E  conftest.c
configure:11968: $? = 0
configure:11968: result: yes
configure:11968: checking for fcntl.h
configure:11968: result: yes
configure:11968: checking sys/termios.h usability
configure:11968: gcc -c -g -O2  conftest.c >&5
configure:11968: $? = 0
configure:11968: result: yes
configure:11968: checking sys/termios.h presence
configure:11968: gcc -E  conftest.c
configure:11968: $? = 0
configure:11968: result: yes
configure:11968: checking for sys/termios.h
configure:11968: result: yes
configure:11968: checking for unistd.h
configure:11968: result: yes
configure:11968: checking sys/msg.h usability
configure:11968: gcc -c -g -O2  conftest.c >&5
configure:11968: $? = 0
configure:11968: result: yes
configure:11968: checking sys/msg.h presence
configure:11968: gcc -E  conftest.c
configure:11968: $? = 0
configure:11968: result: yes
configure:11968: checking for sys/msg.h
configure:11968: result: yes
configure:11979: checking for clock_nanosleep  in -lrt
configure:12004: gcc -o conftest -g -O2   conftest.c -lrt   >&5
configure:12004: $? = 0
configure:12013: result: yes
configure:12026: checking for an ANSI C-conforming const
configure:12092: gcc -c -g -O2  conftest.c >&5
configure:12092: $? = 0
configure:12099: result: yes
configure:12107: checking for working volatile
configure:12126: gcc -c -g -O2  conftest.c >&5
configure:12126: $? = 0
configure:12133: result: yes
configure:12141: checking whether time.h and sys/time.h may both be included
configure:12161: gcc -c -g -O2  conftest.c >&5
configure:12161: $? = 0
configure:12168: result: yes
configure:12178: checking for working strtod
configure:12219: gcc -o conftest -g -O2   conftest.c -lrt  >&5
configure:12219: $? = 0
configure:12219: ./conftest
configure:12219: $? = 0
configure:12229: result: yes
configure:12293: checking for nanosleep
configure:12293: gcc -o conftest -g -O2   conftest.c -lrt  >&5
configure:12293: $? = 0
configure:12293: result: yes
configure:12304: checking for siglongjmp
configure:12304: gcc -o conftest -g -O2   conftest.c -lrt  >&5
configure:12304: $? = 0
configure:12304: result: yes
configure:12315: checking for longjmp
configure:12315: gcc -o conftest -g -O2   conftest.c -lrt  >&5
configure:12315: $? = 0
configure:12315: result: yes
configure:12326: checking for getline
configure:12326: gcc -o conftest -g -O2   conftest.c -lrt  >&5
configure:12326: $? = 0
configure:12326: result: yes
configure:12337: checking for fork
configure:12337: gcc -o conftest -g -O2   conftest.c -lrt  >&5
conftest.c:63:6: warning: conflicting types for built-in function 'fork'; expected 'int(void)' [-Wbuiltin-declaration-mismatch]
   63 | char fork ();
      |      ^~~~
configure:12337: $? = 0
configure:12337: result: yes
configure:12348: checking for strtok_r
configure:12348: gcc -o conftest -g -O2   conftest.c -lrt  >&5
configure:12348: $? = 0
configure:12348: result: yes
configure:12357: checking for tputs in -ltermcap
configure:12382: gcc -o conftest -g -O2   conftest.c -ltermcap  -lrt  >&5
/usr/bin/ld: cannot find -ltermcap
collect2: error: ld returned 1 exit status
configure:12382: $? = 1
configure: failed program was:
| /* confdefs.h */
| #define PACKAGE_NAME "yp-spur"
| #define PACKAGE_TARNAME "yp-spur"
| #define PACKAGE_VERSION "1.14.0"
| #define PACKAGE_STRING "yp-spur 1.14.0"
| #define PACKAGE_BUGREPORT "platform@roboken.esys.tsukuba.ac.jp"
| #define PACKAGE_URL ""
| #define PACKAGE "yp-spur"
| #define VERSION "1.14.0"
| #define YP_VENDOR_NAME "Univ. of Tsukuba - Intelligent Robot Lab."
| #define YP_PRODUCT_NAME "Yamabico Project - Spur"
| #define YP_FIRMWARE_NAME "2013.10.18"
| #define YP_PROTOCOL_NAME "YPP:06:00"
| #define YP_PARAMS_DIR "robot-params"
| #define HAVE_PKG_CONFIG 1
| #define STDC_HEADERS 1
| #define HAVE_SYS_TYPES_H 1
| #define HAVE_SYS_STAT_H 1
| #define HAVE_STDLIB_H 1
| #define HAVE_STRING_H 1
| #define HAVE_MEMORY_H 1
| #define HAVE_STRINGS_H 1
| #define HAVE_INTTYPES_H 1
| #define HAVE_STDINT_H 1
| #define HAVE_UNISTD_H 1
| #define HAVE_DLFCN_H 1
| #define LT_OBJDIR ".libs/"
| #define STDC_HEADERS 1
| #define HAVE_FCNTL_H 1
| #define HAVE_SYS_TERMIOS_H 1
| #define HAVE_UNISTD_H 1
| #define HAVE_SYS_MSG_H 1
| #define HAVE_LIBRT 1
| #define TIME_WITH_SYS_TIME 1
| #define HAVE_NANOSLEEP 1
| #define HAVE_SIGLONGJMP 1
| #define HAVE_LONGJMP 1
| #define HAVE_GETLINE 1
| #define HAVE_FORK 1
| #define HAVE_STRTOK_R 1
| /* end confdefs.h.  */
| 
| /* Override any GCC internal prototype to avoid an error.
|    Use char because int might match the return type of a GCC
|    builtin and then its argument prototype would still apply.  */
| #ifdef __cplusplus
| extern "C"
| #endif
| char tputs ();
| int
| main ()
| {
| return tputs ();
|   ;
|   return 0;
| }
configure:12391: result: no
configure:12402: checking for readline in -lreadline
configure:12427: gcc -o conftest -g -O2   conftest.c -lreadline  -lrt  >&5
/usr/bin/ld: cannot find -lreadline
collect2: error: ld returned 1 exit status
configure:12427: $? = 1
configure: failed program was:
| /* confdefs.h */
| #define PACKAGE_NAME "yp-spur"
| #define PACKAGE_TARNAME "yp-spur"
| #define PACKAGE_VERSION "1.14.0"
| #define PACKAGE_STRING "yp-spur 1.14.0"
| #define PACKAGE_BUGREPORT "platform@roboken.esys.tsukuba.ac.jp"
| #define PACKAGE_URL ""
| #define PACKAGE "yp-spur"
| #define VERSION "1.14.0"
| #define YP_VENDOR_NAME "Univ. of Tsukuba - Intelligent Robot Lab."
| #define YP_PRODUCT_NAME "Yamabico Project - Spur"
| #define YP_FIRMWARE_NAME "2013.10.18"
| #define YP_PROTOCOL_NAME "YPP:06:00"
| #define YP_PARAMS_DIR "robot-params"
| #define HAVE_PKG_CONFIG 1
| #define STDC_HEADERS 1
| #define HAVE_SYS_TYPES_H 1
| #define HAVE_SYS_STAT_H 1
| #define HAVE_STDLIB_H 1
| #define HAVE_STRING_H 1
| #define HAVE_MEMORY_H 1
| #define HAVE_STRINGS_H 1
| #define HAVE_INTTYPES_H 1
| #define HAVE_STDINT_H 1
| #define HAVE_UNISTD_H 1
| #define HAVE_DLFCN_H 1
| #define LT_OBJDIR ".libs/"
| #define STDC_HEADERS 1
| #define HAVE_FCNTL_H 1
| #define HAVE_SYS_TERMIOS_H 1
| #define HAVE_UNISTD_H 1
| #define HAVE_SYS_MSG_H 1
| #define HAVE_LIBRT 1
| #define TIME_WITH_SYS_TIME 1
| #define HAVE_NANOSLEEP 1
| #define HAVE_SIGLONGJMP 1
| #define HAVE_LONGJMP 1
| #define HAVE_GETLINE 1
| #define HAVE_FORK 1
| #define HAVE_STRTOK_R 1
| /* end confdefs.h.  */
| 
| /* Override any GCC internal prototype to avoid an error.
|    Use char because int might match the return type of a GCC
|    builtin and then its argument prototype would still apply.  */
| #ifdef __cplusplus
| extern "C"
| #endif
| char readline ();
| int
| main ()
| {
| return readline ();
|   ;
|   return 0;
| }
configure:12436: result: no
configure:12447: checking for pow in -lm
configure:12472: gcc -o conftest -g -O2   conftest.c -lm  -lrt  >&5
conftest.c:49:6: warning: conflicting types for built-in function 'pow'; expected 'double(double,  double)' [-Wbuiltin-declaration-mismatch]
   49 | char pow ();
      |      ^~~
conftest.c:1:1: note: 'pow' is declared in header '<math.h>'
    1 | /* confdefs.h */
configure:12472: $? = 0
configure:12481: result: yes
configure:12492: checking for pthread_create in -lpthread
configure:12517: gcc -o conftest -g -O2   conftest.c -lpthread  -lm -lrt  >&5
configure:12517: $? = 0
configure:12526: result: yes
configure:12540: checking for main in -lws2_32
configure:12559: gcc -o conftest -g -O2   conftest.c -lws2_32  -lpthread -lm -lrt  >&5
/usr/bin/ld: cannot find -lws2_32
collect2: error: ld returned 1 exit status
configure:12559: $? = 1
configure: failed program was:
| /* confdefs.h */
| #define PACKAGE_NAME "yp-spur"
| #define PACKAGE_TARNAME "yp-spur"
| #define PACKAGE_VERSION "1.14.0"
| #define PACKAGE_STRING "yp-spur 1.14.0"
| #define PACKAGE_BUGREPORT "platform@roboken.esys.tsukuba.ac.jp"
| #define PACKAGE_URL ""
| #define PACKAGE "yp-spur"
| #define VERSION "1.14.0"
| #define YP_VENDOR_NAME "Univ. of Tsukuba - Intelligent Robot Lab."
| #define YP_PRODUCT_NAME "Yamabico Project - Spur"
| #define YP_FIRMWARE_NAME "2013.10.18"
| #define YP_PROTOCOL_NAME "YPP:06:00"
| #define YP_PARAMS_DIR "robot-params"
| #define HAVE_PKG_CONFIG 1
| #define STDC_HEADERS 1
| #define HAVE_SYS_TYPES_H 1
| #define HAVE_SYS_STAT_H 1
| #define HAVE_STDLIB_H 1
| #define HAVE_STRING_H 1
| #define HAVE_MEMORY_H 1
| #define HAVE_STRINGS_H 1
| #define HAVE_INTTYPES_H 1
| #define HAVE_STDINT_H 1
| #define HAVE_UNISTD_H 1
| #define HAVE_DLFCN_H 1
| #define LT_OBJDIR ".libs/"
| #define STDC_HEADERS 1
| #define HAVE_FCNTL_H 1
| #define HAVE_SYS_TERMIOS_H 1
| #define HAVE_UNISTD_H 1
| #define HAVE_SYS_MSG_H 1
| #define HAVE_LIBRT 1
| #define TIME_WITH_SYS_TIME 1
| #define HAVE_NANOSLEEP 1
| #define HAVE_SIGLONGJMP 1
| #define HAVE_LONGJMP 1
| #define HAVE_GETLINE 1
| #define HAVE_FORK 1
| #define HAVE_STRTOK_R 1
| #define HAVE_LIBM 1
| #define HAVE_LIBPTHREAD 1
| /* end confdefs.h.  */
| 
| 
| int
| main ()
| {
| return main ();
|   ;
|   return 0;
| }
configure:12568: result: no
configure:12581: checking POSIX termios
configure:12601: gcc -o conftest -g -O2   conftest.c -lpthread -lm -lrt  >&5
configure:12601: $? = 0
configure:12609: result: yes
configure:12916: checking for cp
configure:12932: found /usr/bin/cp
configure:12943: result: cp
configure:13127: checking that generated files are newer than configure
configure:13133: result: done
configure:13188: creating ./config.status

## ---------------------- ##
## Running config.status. ##
## ---------------------- ##

This file was extended by yp-spur config.status 1.14.0, which was
generated by GNU Autoconf 2.69.  Invocation command line was

  CONFIG_FILES    = 
  CONFIG_HEADERS  = 
  CONFIG_LINKS    = 
  CONFIG_COMMANDS = 
  $ ./config.status 

on ryuseibaba-ubuntu20

config.status:1198: creating Makefile
config.status:1198: creating include/Makefile
config.status:1198: creating auxlib/Makefile
config.status:1198: creating src/Makefile
config.status:1198: creating target-sh/Makefile
config.status:1198: creating samples/Makefile
config.status:1198: creating include/config.h
config.status:1412: executing depfiles commands
config.status:1412: executing libtool commands
configure:15753: === configuring in auxlib/formula-calc (/home/ryusei/orne_ws/build/ypspur/ypspur/src/ypspur-build/auxlib/formula-calc)
configure:15816: running /bin/bash /home/ryusei/orne_ws/src/ypspur/auxlib/formula-calc/configure --disable-option-checking '--prefix=/home/ryusei/orne_ws/devel'  --cache-file=/dev/null --srcdir=/home/ryusei/orne_ws/src/ypspur/auxlib/formula-calc

## ---------------- ##
## Cache variables. ##
## ---------------- ##

ac_cv_build=x86_64-unknown-linux-gnu
ac_cv_c_compiler_gnu=yes
ac_cv_c_const=yes
ac_cv_c_volatile=yes
ac_cv_cxx_compiler_gnu=yes
ac_cv_env_CCC_set=
ac_cv_env_CCC_value=
ac_cv_env_CC_set=
ac_cv_env_CC_value=
ac_cv_env_CFLAGS_set=
ac_cv_env_CFLAGS_value=
ac_cv_env_CPPFLAGS_set=
ac_cv_env_CPPFLAGS_value=
ac_cv_env_CPP_set=
ac_cv_env_CPP_value=
ac_cv_env_CXXCPP_set=
ac_cv_env_CXXCPP_value=
ac_cv_env_CXXFLAGS_set=
ac_cv_env_CXXFLAGS_value=
ac_cv_env_CXX_set=
ac_cv_env_CXX_value=
ac_cv_env_LDFLAGS_set=
ac_cv_env_LDFLAGS_value=
ac_cv_env_LIBS_set=
ac_cv_env_LIBS_value=
ac_cv_env_build_alias_set=
ac_cv_env_build_alias_value=
ac_cv_env_host_alias_set=
ac_cv_env_host_alias_value=
ac_cv_env_target_alias_set=
ac_cv_env_target_alias_value=
ac_cv_func_fork=yes
ac_cv_func_getline=yes
ac_cv_func_longjmp=yes
ac_cv_func_nanosleep=yes
ac_cv_func_siglongjmp=yes
ac_cv_func_strtod=yes
ac_cv_func_strtok_r=yes
ac_cv_header_dlfcn_h=yes
ac_cv_header_fcntl_h=yes
ac_cv_header_inttypes_h=yes
ac_cv_header_memory_h=yes
ac_cv_header_ssm_h=no
ac_cv_header_stdc=yes
ac_cv_header_stdint_h=yes
ac_cv_header_stdlib_h=yes
ac_cv_header_string_h=yes
ac_cv_header_strings_h=yes
ac_cv_header_sys_msg_h=yes
ac_cv_header_sys_stat_h=yes
ac_cv_header_sys_termios_h=yes
ac_cv_header_sys_types_h=yes
ac_cv_header_time=yes
ac_cv_header_unistd_h=yes
ac_cv_host=x86_64-unknown-linux-gnu
ac_cv_lib_m_pow=yes
ac_cv_lib_pthread_pthread_create=yes
ac_cv_lib_readline_readline=no
ac_cv_lib_rt_clock_nanosleep_=yes
ac_cv_lib_termcap_tputs=no
ac_cv_lib_ws2_32_main=no
ac_cv_objext=o
ac_cv_path_EGREP='/usr/bin/grep -E'
ac_cv_path_FGREP='/usr/bin/grep -F'
ac_cv_path_GREP=/usr/bin/grep
ac_cv_path_SED=/usr/bin/sed
ac_cv_path_install='/usr/bin/install -c'
ac_cv_path_mkdir=/usr/bin/mkdir
ac_cv_prog_AWK=mawk
ac_cv_prog_CPP='gcc -E'
ac_cv_prog_CXXCPP='g++ -E'
ac_cv_prog_DLL_CP=cp
ac_cv_prog_PKG_CONFIG=pkg-config
ac_cv_prog_ac_ct_AR=ar
ac_cv_prog_ac_ct_CC=gcc
ac_cv_prog_ac_ct_CXX=g++
ac_cv_prog_ac_ct_DLLTOOL=dlltool
ac_cv_prog_ac_ct_MANIFEST_TOOL=mt
ac_cv_prog_ac_ct_OBJDUMP=objdump
ac_cv_prog_ac_ct_RANLIB=ranlib
ac_cv_prog_ac_ct_STRIP=strip
ac_cv_prog_cc_c89=
ac_cv_prog_cc_g=yes
ac_cv_prog_cxx_g=yes
ac_cv_prog_make_make_set=yes
ac_cv_sys_posix_termios=yes
am_cv_CC_dependencies_compiler_type=gcc3
am_cv_CXX_dependencies_compiler_type=gcc3
am_cv_make_support_nested_variables=yes
am_cv_prog_cc_c_o=yes
lt_cv_ar_at_file=@
lt_cv_archive_cmds_need_lc=no
lt_cv_deplibs_check_method=pass_all
lt_cv_file_magic_cmd='$MAGIC_CMD'
lt_cv_file_magic_test_file=
lt_cv_ld_reload_flag=-r
lt_cv_nm_interface='BSD nm'
lt_cv_objdir=.libs
lt_cv_path_LD=/usr/bin/ld
lt_cv_path_LDCXX='/usr/bin/ld -m elf_x86_64'
lt_cv_path_NM='/usr/bin/nm -B'
lt_cv_path_mainfest_tool=no
lt_cv_prog_compiler_c_o=yes
lt_cv_prog_compiler_c_o_CXX=yes
lt_cv_prog_compiler_pic='-fPIC -DPIC'
lt_cv_prog_compiler_pic_CXX='-fPIC -DPIC'
lt_cv_prog_compiler_pic_works=yes
lt_cv_prog_compiler_pic_works_CXX=yes
lt_cv_prog_compiler_rtti_exceptions=no
lt_cv_prog_compiler_static_works=yes
lt_cv_prog_compiler_static_works_CXX=yes
lt_cv_prog_gnu_ld=yes
lt_cv_prog_gnu_ldcxx=yes
lt_cv_sharedlib_from_linklib_cmd='printf %s\n'
lt_cv_shlibpath_overrides_runpath=yes
lt_cv_sys_global_symbol_pipe='sed -n -e '\''s/^.*[	 ]\([ABCDGIRSTW][ABCDGIRSTW]*\)[	 ][	 ]*\([_A-Za-z][_A-Za-z0-9]*\)$/\1 \2 \2/p'\'' | sed '\''/ __gnu_lto/d'\'''
lt_cv_sys_global_symbol_to_c_name_address='sed -n -e '\''s/^: \([^ ]*\)[ ]*$/  {\"\1\", (void *) 0},/p'\'' -e '\''s/^[ABCDGIRSTW]* \([^ ]*\) \([^ ]*\)$/  {"\2", (void *) \&\2},/p'\'''
lt_cv_sys_global_symbol_to_c_name_address_lib_prefix='sed -n -e '\''s/^: \([^ ]*\)[ ]*$/  {\"\1\", (void *) 0},/p'\'' -e '\''s/^[ABCDGIRSTW]* \([^ ]*\) \(lib[^ ]*\)$/  {"\2", (void *) \&\2},/p'\'' -e '\''s/^[ABCDGIRSTW]* \([^ ]*\) \([^ ]*\)$/  {"lib\2", (void *) \&\2},/p'\'''
lt_cv_sys_global_symbol_to_cdecl='sed -n -e '\''s/^T .* \(.*\)$/extern int \1();/p'\'' -e '\''s/^[ABCDGIRSTW]* .* \(.*\)$/extern char \1;/p'\'''
lt_cv_sys_max_cmd_len=1572864
lt_cv_to_host_file_cmd=func_convert_file_noop
lt_cv_to_tool_file_cmd=func_convert_file_noop

## ----------------- ##
## Output variables. ##
## ----------------- ##

ACLOCAL='${SHELL} /home/ryusei/orne_ws/src/ypspur/missing aclocal-1.14'
AMDEPBACKSLASH='\'
AMDEP_FALSE='#'
AMDEP_TRUE=''
AMTAR='$${TAR-tar}'
AM_BACKSLASH='\'
AM_DEFAULT_V='$(AM_DEFAULT_VERBOSITY)'
AM_DEFAULT_VERBOSITY='1'
AM_V='$(V)'
AR='ar'
AS='as'
AUTOCONF='${SHELL} /home/ryusei/orne_ws/src/ypspur/missing autoconf'
AUTOHEADER='${SHELL} /home/ryusei/orne_ws/src/ypspur/missing autoheader'
AUTOMAKE='${SHELL} /home/ryusei/orne_ws/src/ypspur/missing automake-1.14'
AWK='mawk'
BUILD_DLL_FOR_WIN32_FALSE=''
BUILD_DLL_FOR_WIN32_TRUE='#'
CC='gcc'
CCDEPMODE='depmode=gcc3'
CFLAGS='-g -O2'
CPP='gcc -E'
CPPFLAGS=''
CXX='g++'
CXXCPP='g++ -E'
CXXDEPMODE='depmode=gcc3'
CXXFLAGS='-g -O2'
CYGPATH_W='echo'
DEFS='-DHAVE_CONFIG_H'
DEPDIR='.deps'
DLLTOOL='dlltool'
DLL_CP='cp'
DLL_DLLTOOL=''
DLL_PEXPORTS=''
DSYMUTIL=''
DUMPBIN=''
ECHO_C=''
ECHO_N='-n'
ECHO_T=''
EGREP='/usr/bin/grep -E'
EXEEXT=''
FGREP='/usr/bin/grep -F'
GREP='/usr/bin/grep'
HAVE_DLLTOOL_FALSE=''
HAVE_DLLTOOL_TRUE='#'
HAVE_PEXPORTS_FALSE=''
HAVE_PEXPORTS_TRUE='#'
HAVE_SH_CROSS_FALSE=''
HAVE_SH_CROSS_TRUE='#'
HAVE_SH_ELF_CROSS_FALSE=''
HAVE_SH_ELF_CROSS_TRUE='#'
HAVE_SSM_FALSE=''
HAVE_SSM_TRUE='#'
INSTALL_DATA='${INSTALL} -m 644'
INSTALL_PROGRAM='${INSTALL}'
INSTALL_SCRIPT='${INSTALL}'
INSTALL_STRIP_PROGRAM='$(install_sh) -c -s'
LD='/usr/bin/ld -m elf_x86_64'
LDCONFIG='#ldconfig'
LDFLAGS=''
LIBOBJS=''
LIBS='-lpthread -lm -lrt '
LIBTOOL='$(SHELL) $(top_builddir)/libtool'
LIPO=''
LN_S='ln -s'
LTLIBOBJS=''
LT_LDFLAGS=''
MAINT='#'
MAINTAINER_MODE_FALSE=''
MAINTAINER_MODE_TRUE='#'
MAKEINFO='${SHELL} /home/ryusei/orne_ws/src/ypspur/missing makeinfo'
MANIFEST_TOOL=':'
MKDIR_P='/usr/bin/mkdir -p'
NM='/usr/bin/nm -B'
NMEDIT=''
NOINST_LT_LDFLAGS=''
OBJDUMP='objdump'
OBJEXT='o'
OTOOL64=''
OTOOL=''
PACKAGE='yp-spur'
PACKAGE_BUGREPORT='platform@roboken.esys.tsukuba.ac.jp'
PACKAGE_NAME='yp-spur'
PACKAGE_STRING='yp-spur 1.14.0'
PACKAGE_TARNAME='yp-spur'
PACKAGE_URL=''
PACKAGE_VERSION='1.14.0'
PATH_SEPARATOR=':'
PKG_CONFIG='pkg-config'
POW_LIB=''
RANLIB='ranlib'
SED='/usr/bin/sed'
SET_MAKE=''
SHELL='/bin/bash'
SH_CROSS_AR=''
SH_CROSS_CC=''
SH_CROSS_ELF_AR=''
SH_CROSS_ELF_CC=''
SH_CROSS_ELF_OBJCOPY=''
SH_CROSS_OBJCOPY=''
SSM_COORDINATOR=''
STRIP='strip'
VERSION='1.14.0'
ac_ct_AR='ar'
ac_ct_CC='gcc'
ac_ct_CXX='g++'
ac_ct_DUMPBIN=''
am__EXEEXT_FALSE=''
am__EXEEXT_TRUE='#'
am__fastdepCC_FALSE='#'
am__fastdepCC_TRUE=''
am__fastdepCXX_FALSE='#'
am__fastdepCXX_TRUE=''
am__include='include'
am__isrc=' -I$(srcdir)'
am__leading_dot='.'
am__nodep='_no'
am__quote=''
am__tar='$${TAR-tar} chof - "$$tardir"'
am__untar='$${TAR-tar} xf -'
bindir='${exec_prefix}/bin'
build='x86_64-unknown-linux-gnu'
build_alias=''
build_cpu='x86_64'
build_os='linux-gnu'
build_vendor='unknown'
datadir='${datarootdir}'
datarootdir='${prefix}/share'
docdir='${datarootdir}/doc/${PACKAGE_TARNAME}'
dvidir='${docdir}'
exec_prefix='${prefix}'
host='x86_64-unknown-linux-gnu'
host_alias=''
host_cpu='x86_64'
host_os='linux-gnu'
host_vendor='unknown'
htmldir='${docdir}'
includedir='${prefix}/include'
infodir='${datarootdir}/info'
install_sh='${SHELL} /home/ryusei/orne_ws/src/ypspur/install-sh'
libdir='${exec_prefix}/lib'
libexecdir='${exec_prefix}/libexec'
localedir='${datarootdir}/locale'
localstatedir='${prefix}/var'
mandir='${datarootdir}/man'
mkdir_p='$(MKDIR_P)'
oldincludedir='/usr/include'
pdfdir='${docdir}'
prefix='/home/ryusei/orne_ws/devel'
program_transform_name='s,x,x,'
psdir='${docdir}'
sbindir='${exec_prefix}/sbin'
sharedstatedir='${prefix}/com'
subdirs=' auxlib/formula-calc'
sysconfdir='${prefix}/etc'
target_alias=''

## ----------- ##
## confdefs.h. ##
## ----------- ##

/* confdefs.h */
#define PACKAGE_NAME "yp-spur"
#define PACKAGE_TARNAME "yp-spur"
#define PACKAGE_VERSION "1.14.0"
#define PACKAGE_STRING "yp-spur 1.14.0"
#define PACKAGE_BUGREPORT "platform@roboken.esys.tsukuba.ac.jp"
#define PACKAGE_URL ""
#define PACKAGE "yp-spur"
#define VERSION "1.14.0"
#define YP_VENDOR_NAME "Univ. of Tsukuba - Intelligent Robot Lab."
#define YP_PRODUCT_NAME "Yamabico Project - Spur"
#define YP_FIRMWARE_NAME "2013.10.18"
#define YP_PROTOCOL_NAME "YPP:06:00"
#define YP_PARAMS_DIR "robot-params"
#define HAVE_PKG_CONFIG 1
#define STDC_HEADERS 1
#define HAVE_SYS_TYPES_H 1
#define HAVE_SYS_STAT_H 1
#define HAVE_STDLIB_H 1
#define HAVE_STRING_H 1
#define HAVE_MEMORY_H 1
#define HAVE_STRINGS_H 1
#define HAVE_INTTYPES_H 1
#define HAVE_STDINT_H 1
#define HAVE_UNISTD_H 1
#define HAVE_DLFCN_H 1
#define LT_OBJDIR ".libs/"
#define STDC_HEADERS 1
#define HAVE_FCNTL_H 1
#define HAVE_SYS_TERMIOS_H 1
#define HAVE_UNISTD_H 1
#define HAVE_SYS_MSG_H 1
#define HAVE_LIBRT 1
#define TIME_WITH_SYS_TIME 1
#define HAVE_NANOSLEEP 1
#define HAVE_SIGLONGJMP 1
#define HAVE_LONGJMP 1
#define HAVE_GETLINE 1
#define HAVE_FORK 1
#define HAVE_STRTOK_R 1
#define HAVE_LIBM 1
#define HAVE_LIBPTHREAD 1

configure: exit 0
