[35m[1mScanning dependencies of target adis16470_node[0m
[ 16%] [32mBuilding CXX object CMakeFiles/adis16470_node.dir/src/adis16470_node.cpp.o[0m
[35m[1mScanning dependencies of target adxl345_node[0m
[ 33%] [32mBuilding CXX object CMakeFiles/adxl345_node.dir/src/adxl345_node.cpp.o[0m
[01m[K/home/ryusei/orne_ws/src/adi_driver/src/adis16470_node.cpp:[m[K In member function ‘[01m[Kbool ImuNode::open()[m[K’:
[01m[K/home/ryusei/orne_ws/src/adi_driver/src/adis16470_node.cpp:124:3:[m[K [01;35m[Kwarning: [m[Kno return statement in function returning non-void [[01;35m[K-Wreturn-type[m[K]
  124 |   [01;35m[K}[m[K
      |   [01;35m[K^[m[K
[01m[K/home/ryusei/orne_ws/src/adi_driver/src/adis16470_node.cpp:[m[K In member function ‘[01m[Kint ImuNode::publish_imu_data()[m[K’:
[01m[K/home/ryusei/orne_ws/src/adi_driver/src/adis16470_node.cpp:149:3:[m[K [01;35m[Kwarning: [m[Kno return statement in function returning non-void [[01;35m[K-Wreturn-type[m[K]
  149 |   [01;35m[K}[m[K
      |   [01;35m[K^[m[K
[01m[K/home/ryusei/orne_ws/src/adi_driver/src/adis16470_node.cpp:[m[K In member function ‘[01m[Kint ImuNode::publish_temp_data()[m[K’:
[01m[K/home/ryusei/orne_ws/src/adi_driver/src/adis16470_node.cpp:161:3:[m[K [01;35m[Kwarning: [m[Kno return statement in function returning non-void [[01;35m[K-Wreturn-type[m[K]
  161 |   [01;35m[K}[m[K
      |   [01;35m[K^[m[K
[01m[K/home/ryusei/orne_ws/src/adi_driver/src/adxl345_node.cpp:[m[K In member function ‘[01m[Kbool Adxl345Node::open()[m[K’:
[01m[K/home/ryusei/orne_ws/src/adi_driver/src/adxl345_node.cpp:83:3:[m[K [01;35m[Kwarning: [m[Kno return statement in function returning non-void [[01;35m[K-Wreturn-type[m[K]
   83 |   [01;35m[K}[m[K
      |   [01;35m[K^[m[K
[01m[K/home/ryusei/orne_ws/src/adi_driver/src/adxl345_node.cpp:[m[K In member function ‘[01m[Kint Adxl345Node::publish_imu_data()[m[K’:
[01m[K/home/ryusei/orne_ws/src/adi_driver/src/adxl345_node.cpp:102:3:[m[K [01;35m[Kwarning: [m[Kno return statement in function returning non-void [[01;35m[K-Wreturn-type[m[K]
  102 |   [01;35m[K}[m[K
      |   [01;35m[K^[m[K
[ 50%] [32mBuilding CXX object CMakeFiles/adxl345_node.dir/src/adxl345.cpp.o[0m
[ 66%] [32mBuilding CXX object CMakeFiles/adis16470_node.dir/src/adis16470.cpp.o[0m
[01m[K/home/ryusei/orne_ws/src/adi_driver/src/adis16470.cpp:[m[K In member function ‘[01m[Kint Adis16470::read_register(char, int16_t&)[m[K’:
[01m[K/home/ryusei/orne_ws/src/adi_driver/src/adis16470.cpp:213:34:[m[K [01;35m[Kwarning: [m[Knarrowing conversion of ‘[01m[Kaddress[m[K’ from ‘[01m[Kchar[m[K’ to ‘[01m[Kunsigned char[m[K’ [[01;35m[K-Wnarrowing[m[K]
  213 |   unsigned char buff[3] = {0x61, [01;35m[Kaddress[m[K, 0x00};
      |                                  [01;35m[K^~~~~~~[m[K
[01m[K/home/ryusei/orne_ws/src/adi_driver/src/adis16470.cpp:[m[K In member function ‘[01m[Kint Adis16470::bias_correction_update()[m[K’:
[01m[K/home/ryusei/orne_ws/src/adi_driver/src/adis16470.cpp:393:1:[m[K [01;35m[Kwarning: [m[Kno return statement in function returning non-void [[01;35m[K-Wreturn-type[m[K]
  393 | [01;35m[K}[m[K
      | [01;35m[K^[m[K
[ 83%] [32m[1mLinking CXX executable /home/ryusei/orne_ws/devel/.private/adi_driver/lib/adi_driver/adxl345_node[0m
[01m[K/home/ryusei/orne_ws/src/adi_driver/src/adis16470.cpp:[m[K In member function ‘[01m[Kint Adis16470::read_register(char, int16_t&)[m[K’:
[01m[K/home/ryusei/orne_ws/src/adi_driver/src/adis16470.cpp:231:1:[m[K [01;35m[Kwarning: [m[Kcontrol reaches end of non-void function [[01;35m[K-Wreturn-type[m[K]
  231 | [01;35m[K}[m[K
      | [01;35m[K^[m[K
[ 83%] Built target adxl345_node
[100%] [32m[1mLinking CXX executable /home/ryusei/orne_ws/devel/.private/adi_driver/lib/adi_driver/adis16470_node[0m
[100%] Built target adis16470_node
