configure: WARNING: ********** w/o SSM **********
ar: `u' modifier ignored since `D' is the default (see `U')
ar: `u' modifier ignored since `D' is the default (see `U')
[01m[K/home/ryusei/orne_ws/src/ypspur/src/param.c:[m[K In function ‘[01m[Kset_param[m[K’:
[01m[K/home/ryusei/orne_ws/src/ypspur/src/param.c:817:31:[m[K [01;35m[Kwarning: [m[K‘[01m[K__builtin___sprintf_chk[m[K’ may write a terminating nul past the end of the destination [[01;35m[K-Wformat-overflow=[m[K]
  817 |     sprintf( file_name, "%s/%s[01;35m[K"[m[K, dir_name, filename );
      |                               [01;35m[K^[m[K
In file included from [01m[K/usr/include/stdio.h:867[m[K,
                 from [01m[K/home/ryusei/orne_ws/src/ypspur/src/param.c:2[m[K:
[01m[K/usr/include/x86_64-linux-gnu/bits/stdio2.h:36:10:[m[K [01;36m[Knote: [m[K‘[01m[K__builtin___sprintf_chk[m[K’ output 2 or more bytes (assuming 257) into a destination of size 256
   36 |   return [01;36m[K__builtin___sprintf_chk (__s, __USE_FORTIFY_LEVEL - 1,[m[K
      |          [01;36m[K^~~~~~~~~~~~~~~~~~~~~~~~~~~~~~~~~~~~~~~~~~~~~~~~~~~~~~[m[K
   37 | [01;36m[K      __bos (__s), __fmt, __va_arg_pack ())[m[K;
      |       [01;36m[K~~~~~~~~~~~~~~~~~~~~~~~~~~~~~~~~~~~~~[m[K
In file included from [01m[K/usr/include/string.h:495[m[K,
                 from [01m[K/home/ryusei/orne_ws/src/ypspur/src/ypspur-free.c:4[m[K:
In function ‘[01m[Kstrncpy[m[K’,
    inlined from ‘[01m[Kmain[m[K’ at [01m[K/home/ryusei/orne_ws/src/ypspur/src/ypspur-free.c:22:3[m[K:
[01m[K/usr/include/x86_64-linux-gnu/bits/string_fortified.h:106:10:[m[K [01;35m[Kwarning: [m[K‘[01m[K__builtin_strncpy[m[K’ specified bound 64 equals destination size [[01;35m[K-Wstringop-truncation[m[K]
  106 |   return [01;35m[K__builtin___strncpy_chk (__dest, __src, __len, __bos (__dest))[m[K;
      |          [01;35m[K^~~~~~~~~~~~~~~~~~~~~~~~~~~~~~~~~~~~~~~~~~~~~~~~~~~~~~~~~~~~~~[m[K
[01m[K/home/ryusei/orne_ws/src/ypspur/src/ypspur-interpreter.c:[m[K In function ‘[01m[Kmain[m[K’:
[01m[K/home/ryusei/orne_ws/src/ypspur/src/ypspur-interpreter.c:592:4:[m[K [01;35m[Kwarning: [m[Kignoring return value of ‘[01m[Kgetline[m[K’, declared with attribute warn_unused_result [[01;35m[K-Wunused-result[m[K]
  592 |    [01;35m[Kgetline( &line, &len, stdin )[m[K;
      |    [01;35m[K^~~~~~~~~~~~~~~~~~~~~~~~~~~~~[m[K
In file included from [01m[K/usr/include/string.h:495[m[K,
                 from [01m[K/home/ryusei/orne_ws/src/ypspur/src/ypspur-interpreter.c:4[m[K:
In function ‘[01m[Kstrncpy[m[K’,
    inlined from ‘[01m[Kmain[m[K’ at [01m[K/home/ryusei/orne_ws/src/ypspur/src/ypspur-interpreter.c:463:4[m[K:
[01m[K/usr/include/x86_64-linux-gnu/bits/string_fortified.h:106:10:[m[K [01;35m[Kwarning: [m[K‘[01m[K__builtin_strncpy[m[K’ specified bound 64 equals destination size [[01;35m[K-Wstringop-truncation[m[K]
  106 |   return [01;35m[K__builtin___strncpy_chk (__dest, __src, __len, __bos (__dest))[m[K;
      |          [01;35m[K^~~~~~~~~~~~~~~~~~~~~~~~~~~~~~~~~~~~~~~~~~~~~~~~~~~~~~~~~~~~~~[m[K
ar: `u' modifier ignored since `D' is the default (see `U')
ar: `u' modifier ignored since `D' is the default (see `U')
