[100%] Built target ypspur
[36mInstall the project...[0m
-- Install configuration: ""
[ 88%] Built target ypspur
[100%] 'ypspur'
DESTDIR IS
Making install in include
 /usr/bin/mkdir -p '/home/ryusei/orne_ws/devel/include'
 /usr/bin/install -c -m 644 /home/ryusei/orne_ws/src/ypspur/include/ypspur.h /home/ryusei/orne_ws/src/ypspur/include/ypspur-md.h /home/ryusei/orne_ws/src/ypspur/include/ypparam.h '/home/ryusei/orne_ws/devel/include'
 /usr/bin/mkdir -p '/home/ryusei/orne_ws/devel/include'
 /usr/bin/mkdir -p '/home/ryusei/orne_ws/devel/include/ssmtype'
 /usr/bin/install -c -m 644  /home/ryusei/orne_ws/src/ypspur/include/ssmtype/pws-motor.h /home/ryusei/orne_ws/src/ypspur/include/ssmtype/spur-odometry.h /home/ryusei/orne_ws/src/ypspur/include/ssmtype/ypspur-ad.h '/home/ryusei/orne_ws/devel/include/ssmtype'
Making install in auxlib
Making install in formula-calc
Making install in src
 /usr/bin/mkdir -p '/home/ryusei/orne_ws/devel/lib'
 /bin/bash ../libtool   --mode=install /usr/bin/install -c   libformula-calc.la '/home/ryusei/orne_ws/devel/lib'
libtool: install: /usr/bin/install -c .libs/libformula-calc.so.0.0.0 /home/ryusei/orne_ws/devel/lib/libformula-calc.so.0.0.0
libtool: install: (cd /home/ryusei/orne_ws/devel/lib && { ln -s -f libformula-calc.so.0.0.0 libformula-calc.so.0 || { rm -f libformula-calc.so.0 && ln -s libformula-calc.so.0.0.0 libformula-calc.so.0; }; })
libtool: install: (cd /home/ryusei/orne_ws/devel/lib && { ln -s -f libformula-calc.so.0.0.0 libformula-calc.so || { rm -f libformula-calc.so && ln -s libformula-calc.so.0.0.0 libformula-calc.so; }; })
libtool: install: /usr/bin/install -c .libs/libformula-calc.lai /home/ryusei/orne_ws/devel/lib/libformula-calc.la
libtool: install: /usr/bin/install -c .libs/libformula-calc.a /home/ryusei/orne_ws/devel/lib/libformula-calc.a
libtool: install: chmod 644 /home/ryusei/orne_ws/devel/lib/libformula-calc.a
libtool: install: ranlib /home/ryusei/orne_ws/devel/lib/libformula-calc.a
libtool: finish: PATH="/home/ryusei/orne_ws/devel/bin:/opt/ros/noetic/bin:/home/ryusei/.local/bin:/usr/local/sbin:/usr/local/bin:/usr/sbin:/usr/bin:/sbin:/bin:/usr/games:/usr/local/games:/snap/bin:/sbin" ldconfig -n /home/ryusei/orne_ws/devel/lib
----------------------------------------------------------------------
Libraries have been installed in:
   /home/ryusei/orne_ws/devel/lib

If you ever happen to want to link against installed libraries
in a given directory, LIBDIR, you must either use libtool, and
specify the full pathname of the library, or use the `-LLIBDIR'
flag during linking and do at least one of the following:
   - add LIBDIR to the `LD_LIBRARY_PATH' environment variable
     during execution
   - add LIBDIR to the `LD_RUN_PATH' environment variable
     during linking
   - use the `-Wl,-rpath -Wl,LIBDIR' linker flag
   - have your system administrator add LIBDIR to `/etc/ld.so.conf'

See any operating system documentation about shared libraries for
more information, such as the ld(1) and ld.so(8) manual pages.
----------------------------------------------------------------------
 /usr/bin/mkdir -p '/home/ryusei/orne_ws/devel/include'
 /usr/bin/install -c -m 644 /home/ryusei/orne_ws/src/ypspur/auxlib/formula-calc/src/formula-calc.h '/home/ryusei/orne_ws/devel/include'
 /usr/bin/mkdir -p '/home/ryusei/orne_ws/devel/lib'
 /bin/bash ../libtool   --mode=install /usr/bin/install -c   libcarte2d.la '/home/ryusei/orne_ws/devel/lib'
libtool: install: /usr/bin/install -c .libs/libcarte2d.so.0.0.0 /home/ryusei/orne_ws/devel/lib/libcarte2d.so.0.0.0
libtool: install: (cd /home/ryusei/orne_ws/devel/lib && { ln -s -f libcarte2d.so.0.0.0 libcarte2d.so.0 || { rm -f libcarte2d.so.0 && ln -s libcarte2d.so.0.0.0 libcarte2d.so.0; }; })
libtool: install: (cd /home/ryusei/orne_ws/devel/lib && { ln -s -f libcarte2d.so.0.0.0 libcarte2d.so || { rm -f libcarte2d.so && ln -s libcarte2d.so.0.0.0 libcarte2d.so; }; })
libtool: install: /usr/bin/install -c .libs/libcarte2d.lai /home/ryusei/orne_ws/devel/lib/libcarte2d.la
libtool: install: /usr/bin/install -c .libs/libcarte2d.a /home/ryusei/orne_ws/devel/lib/libcarte2d.a
libtool: install: chmod 644 /home/ryusei/orne_ws/devel/lib/libcarte2d.a
libtool: install: ranlib /home/ryusei/orne_ws/devel/lib/libcarte2d.a
libtool: finish: PATH="/home/ryusei/orne_ws/devel/bin:/opt/ros/noetic/bin:/home/ryusei/.local/bin:/usr/local/sbin:/usr/local/bin:/usr/sbin:/usr/bin:/sbin:/bin:/usr/games:/usr/local/games:/snap/bin:/sbin" ldconfig -n /home/ryusei/orne_ws/devel/lib
----------------------------------------------------------------------
Libraries have been installed in:
   /home/ryusei/orne_ws/devel/lib

If you ever happen to want to link against installed libraries
in a given directory, LIBDIR, you must either use libtool, and
specify the full pathname of the library, or use the `-LLIBDIR'
flag during linking and do at least one of the following:
   - add LIBDIR to the `LD_LIBRARY_PATH' environment variable
     during execution
   - add LIBDIR to the `LD_RUN_PATH' environment variable
     during linking
   - use the `-Wl,-rpath -Wl,LIBDIR' linker flag
   - have your system administrator add LIBDIR to `/etc/ld.so.conf'

See any operating system documentation about shared libraries for
more information, such as the ld(1) and ld.so(8) manual pages.
----------------------------------------------------------------------
 /usr/bin/mkdir -p '/home/ryusei/orne_ws/devel/include'
 /usr/bin/install -c -m 644 /home/ryusei/orne_ws/src/ypspur/auxlib/cartesian2d.h '/home/ryusei/orne_ws/devel/include'
Making install in src
 /usr/bin/mkdir -p '/home/ryusei/orne_ws/devel/lib'
 /bin/bash ../libtool   --mode=install /usr/bin/install -c   libypspur.la libypspur-md.la '/home/ryusei/orne_ws/devel/lib'
libtool: install: /usr/bin/install -c .libs/libypspur.so.14.1.4 /home/ryusei/orne_ws/devel/lib/libypspur.so.14.1.4
libtool: install: (cd /home/ryusei/orne_ws/devel/lib && { ln -s -f libypspur.so.14.1.4 libypspur.so.14 || { rm -f libypspur.so.14 && ln -s libypspur.so.14.1.4 libypspur.so.14; }; })
libtool: install: (cd /home/ryusei/orne_ws/devel/lib && { ln -s -f libypspur.so.14.1.4 libypspur.so || { rm -f libypspur.so && ln -s libypspur.so.14.1.4 libypspur.so; }; })
libtool: install: /usr/bin/install -c .libs/libypspur.lai /home/ryusei/orne_ws/devel/lib/libypspur.la
libtool: install: /usr/bin/install -c .libs/libypspur-md.so.14.1.4 /home/ryusei/orne_ws/devel/lib/libypspur-md.so.14.1.4
libtool: install: (cd /home/ryusei/orne_ws/devel/lib && { ln -s -f libypspur-md.so.14.1.4 libypspur-md.so.14 || { rm -f libypspur-md.so.14 && ln -s libypspur-md.so.14.1.4 libypspur-md.so.14; }; })
libtool: install: (cd /home/ryusei/orne_ws/devel/lib && { ln -s -f libypspur-md.so.14.1.4 libypspur-md.so || { rm -f libypspur-md.so && ln -s libypspur-md.so.14.1.4 libypspur-md.so; }; })
libtool: install: /usr/bin/install -c .libs/libypspur-md.lai /home/ryusei/orne_ws/devel/lib/libypspur-md.la
libtool: install: /usr/bin/install -c .libs/libypspur.a /home/ryusei/orne_ws/devel/lib/libypspur.a
libtool: install: chmod 644 /home/ryusei/orne_ws/devel/lib/libypspur.a
libtool: install: ranlib /home/ryusei/orne_ws/devel/lib/libypspur.a
libtool: install: /usr/bin/install -c .libs/libypspur-md.a /home/ryusei/orne_ws/devel/lib/libypspur-md.a
libtool: install: chmod 644 /home/ryusei/orne_ws/devel/lib/libypspur-md.a
libtool: install: ranlib /home/ryusei/orne_ws/devel/lib/libypspur-md.a
libtool: finish: PATH="/home/ryusei/orne_ws/devel/bin:/opt/ros/noetic/bin:/home/ryusei/.local/bin:/usr/local/sbin:/usr/local/bin:/usr/sbin:/usr/bin:/sbin:/bin:/usr/games:/usr/local/games:/snap/bin:/sbin" ldconfig -n /home/ryusei/orne_ws/devel/lib
----------------------------------------------------------------------
Libraries have been installed in:
   /home/ryusei/orne_ws/devel/lib

If you ever happen to want to link against installed libraries
in a given directory, LIBDIR, you must either use libtool, and
specify the full pathname of the library, or use the `-LLIBDIR'
flag during linking and do at least one of the following:
   - add LIBDIR to the `LD_LIBRARY_PATH' environment variable
     during execution
   - add LIBDIR to the `LD_RUN_PATH' environment variable
     during linking
   - use the `-Wl,-rpath -Wl,LIBDIR' linker flag
   - have your system administrator add LIBDIR to `/etc/ld.so.conf'

See any operating system documentation about shared libraries for
more information, such as the ld(1) and ld.so(8) manual pages.
----------------------------------------------------------------------
 /usr/bin/mkdir -p '/home/ryusei/orne_ws/devel/bin'
  /bin/bash ../libtool   --mode=install /usr/bin/install -c ypspur-coordinator ypspur-free ypspur-interpreter ypspur-interpreter '/home/ryusei/orne_ws/devel/bin'
libtool: install: /usr/bin/install -c .libs/ypspur-coordinator /home/ryusei/orne_ws/devel/bin/ypspur-coordinator
libtool: install: /usr/bin/install -c .libs/ypspur-free /home/ryusei/orne_ws/devel/bin/ypspur-free
libtool: install: /usr/bin/install -c .libs/ypspur-interpreter /home/ryusei/orne_ws/devel/bin/ypspur-interpreter
libtool: install: /usr/bin/install -c .libs/ypspur-interpreter /home/ryusei/orne_ws/devel/bin/ypspur-interpreter
Making install in target-sh
Making install in samples
[100%] Built target ypspur-ins
-- Up-to-date: /home/ryusei/orne_ws/devel/share/ypspur/package.xml
-- Up-to-date: /home/ryusei/orne_ws/devel/share/ypspur/cmake/ypspurConfig.cmake
