Symlinking /home/ryusei/orne_ws/devel/lib/python3/dist-packages/fulanghua_srvs/__init__.py
Symlinking /home/ryusei/orne_ws/devel/lib/python3/dist-packages/fulanghua_srvs/srv/__init__.py
Symlinking /home/ryusei/orne_ws/devel/lib/python3/dist-packages/fulanghua_srvs/srv/_Pose.py
Symlinking /home/ryusei/orne_ws/devel/lib/pkgconfig/fulanghua_srvs.pc
Symlinking /home/ryusei/orne_ws/devel/share/common-lisp/ros/fulanghua_srvs/srv/_package_Pose.lisp
Symlinking /home/ryusei/orne_ws/devel/share/common-lisp/ros/fulanghua_srvs/srv/Pose.lisp
Symlinking /home/ryusei/orne_ws/devel/share/common-lisp/ros/fulanghua_srvs/srv/fulanghua_srvs-srv.asd
Symlinking /home/ryusei/orne_ws/devel/share/common-lisp/ros/fulanghua_srvs/srv/_package.lisp
Symlinking /home/ryusei/orne_ws/devel/share/fulanghua_srvs/cmake/fulanghua_srvs-msg-paths.cmake
Symlinking /home/ryusei/orne_ws/devel/share/fulanghua_srvs/cmake/fulanghua_srvsConfig-version.cmake
Symlinking /home/ryusei/orne_ws/devel/share/fulanghua_srvs/cmake/fulanghua_srvs-msg-extras.cmake
Symlinking /home/ryusei/orne_ws/devel/share/fulanghua_srvs/cmake/fulanghua_srvsConfig.cmake
Symlinking /home/ryusei/orne_ws/devel/share/roseus/ros/fulanghua_srvs/manifest.l
Symlinking /home/ryusei/orne_ws/devel/share/roseus/ros/fulanghua_srvs/srv/Pose.l
Symlinking /home/ryusei/orne_ws/devel/share/gennodejs/ros/fulanghua_srvs/_index.js
Symlinking /home/ryusei/orne_ws/devel/share/gennodejs/ros/fulanghua_srvs/srv/Pose.js
Symlinking /home/ryusei/orne_ws/devel/share/gennodejs/ros/fulanghua_srvs/srv/_index.js
Symlinking /home/ryusei/orne_ws/devel/include/fulanghua_srvs/PoseRequest.h
Symlinking /home/ryusei/orne_ws/devel/include/fulanghua_srvs/PoseResponse.h
Symlinking /home/ryusei/orne_ws/devel/include/fulanghua_srvs/Pose.h
