[35m[1mScanning dependencies of target _fulanghua_srvs_generate_messages_check_deps_Pose[0m
[35m[1mScanning dependencies of target geometry_msgs_generate_messages_nodejs[0m
[  0%] Built target geometry_msgs_generate_messages_nodejs
[35m[1mScanning dependencies of target geometry_msgs_generate_messages_py[0m
[  0%] Built target geometry_msgs_generate_messages_py
[35m[1mScanning dependencies of target geometry_msgs_generate_messages_cpp[0m
[  0%] Built target _fulanghua_srvs_generate_messages_check_deps_Pose
[  0%] Built target geometry_msgs_generate_messages_cpp
[35m[1mScanning dependencies of target geometry_msgs_generate_messages_lisp[0m
[35m[1mScanning dependencies of target geometry_msgs_generate_messages_eus[0m
[  0%] Built target geometry_msgs_generate_messages_lisp
[  0%] Built target geometry_msgs_generate_messages_eus
[35m[1mScanning dependencies of target fulanghua_srvs_generate_messages_nodejs[0m
[ 14%] [34m[1mGenerating Javascript code from fulanghua_srvs/Pose.srv[0m
[35m[1mScanning dependencies of target fulanghua_srvs_generate_messages_py[0m
[ 28%] [34m[1mGenerating Python code from SRV fulanghua_srvs/Pose[0m
[ 28%] Built target fulanghua_srvs_generate_messages_nodejs
[35m[1mScanning dependencies of target fulanghua_srvs_generate_messages_cpp[0m
[ 42%] [34m[1mGenerating C++ code from fulanghua_srvs/Pose.srv[0m
[ 57%] [34m[1mGenerating Python srv __init__.py for fulanghua_srvs[0m
[ 57%] Built target fulanghua_srvs_generate_messages_cpp
[ 57%] Built target fulanghua_srvs_generate_messages_py
[35m[1mScanning dependencies of target fulanghua_srvs_generate_messages_lisp[0m
[ 71%] [34m[1mGenerating Lisp code from fulanghua_srvs/Pose.srv[0m
[ 71%] Built target fulanghua_srvs_generate_messages_lisp
[35m[1mScanning dependencies of target fulanghua_srvs_generate_messages_eus[0m
[ 85%] [34m[1mGenerating EusLisp code from fulanghua_srvs/Pose.srv[0m
[100%] [34m[1mGenerating EusLisp manifest code for fulanghua_srvs[0m
[100%] Built target fulanghua_srvs_generate_messages_eus
[35m[1mScanning dependencies of target fulanghua_srvs_generate_messages[0m
[100%] Built target fulanghua_srvs_generate_messages
