Linked: (/home/ryusei/orne_ws/devel/.private/fulanghua_srvs/lib/python3/dist-packages/fulanghua_srvs/__init__.py, /home/ryusei/orne_ws/devel/lib/python3/dist-packages/fulanghua_srvs/__init__.py)
Linked: (/home/ryusei/orne_ws/devel/.private/fulanghua_srvs/lib/python3/dist-packages/fulanghua_srvs/srv/__init__.py, /home/ryusei/orne_ws/devel/lib/python3/dist-packages/fulanghua_srvs/srv/__init__.py)
Linked: (/home/ryusei/orne_ws/devel/.private/fulanghua_srvs/lib/python3/dist-packages/fulanghua_srvs/srv/_Pose.py, /home/ryusei/orne_ws/devel/lib/python3/dist-packages/fulanghua_srvs/srv/_Pose.py)
Linked: (/home/ryusei/orne_ws/devel/.private/fulanghua_srvs/lib/pkgconfig/fulanghua_srvs.pc, /home/ryusei/orne_ws/devel/lib/pkgconfig/fulanghua_srvs.pc)
Linked: (/home/ryusei/orne_ws/devel/.private/fulanghua_srvs/share/common-lisp/ros/fulanghua_srvs/srv/_package_Pose.lisp, /home/ryusei/orne_ws/devel/share/common-lisp/ros/fulanghua_srvs/srv/_package_Pose.lisp)
Linked: (/home/ryusei/orne_ws/devel/.private/fulanghua_srvs/share/common-lisp/ros/fulanghua_srvs/srv/Pose.lisp, /home/ryusei/orne_ws/devel/share/common-lisp/ros/fulanghua_srvs/srv/Pose.lisp)
Linked: (/home/ryusei/orne_ws/devel/.private/fulanghua_srvs/share/common-lisp/ros/fulanghua_srvs/srv/fulanghua_srvs-srv.asd, /home/ryusei/orne_ws/devel/share/common-lisp/ros/fulanghua_srvs/srv/fulanghua_srvs-srv.asd)
Linked: (/home/ryusei/orne_ws/devel/.private/fulanghua_srvs/share/common-lisp/ros/fulanghua_srvs/srv/_package.lisp, /home/ryusei/orne_ws/devel/share/common-lisp/ros/fulanghua_srvs/srv/_package.lisp)
Linked: (/home/ryusei/orne_ws/devel/.private/fulanghua_srvs/share/fulanghua_srvs/cmake/fulanghua_srvs-msg-paths.cmake, /home/ryusei/orne_ws/devel/share/fulanghua_srvs/cmake/fulanghua_srvs-msg-paths.cmake)
Linked: (/home/ryusei/orne_ws/devel/.private/fulanghua_srvs/share/fulanghua_srvs/cmake/fulanghua_srvsConfig-version.cmake, /home/ryusei/orne_ws/devel/share/fulanghua_srvs/cmake/fulanghua_srvsConfig-version.cmake)
Linked: (/home/ryusei/orne_ws/devel/.private/fulanghua_srvs/share/fulanghua_srvs/cmake/fulanghua_srvs-msg-extras.cmake, /home/ryusei/orne_ws/devel/share/fulanghua_srvs/cmake/fulanghua_srvs-msg-extras.cmake)
Linked: (/home/ryusei/orne_ws/devel/.private/fulanghua_srvs/share/fulanghua_srvs/cmake/fulanghua_srvsConfig.cmake, /home/ryusei/orne_ws/devel/share/fulanghua_srvs/cmake/fulanghua_srvsConfig.cmake)
Linked: (/home/ryusei/orne_ws/devel/.private/fulanghua_srvs/share/roseus/ros/fulanghua_srvs/manifest.l, /home/ryusei/orne_ws/devel/share/roseus/ros/fulanghua_srvs/manifest.l)
Linked: (/home/ryusei/orne_ws/devel/.private/fulanghua_srvs/share/roseus/ros/fulanghua_srvs/srv/Pose.l, /home/ryusei/orne_ws/devel/share/roseus/ros/fulanghua_srvs/srv/Pose.l)
Linked: (/home/ryusei/orne_ws/devel/.private/fulanghua_srvs/share/gennodejs/ros/fulanghua_srvs/_index.js, /home/ryusei/orne_ws/devel/share/gennodejs/ros/fulanghua_srvs/_index.js)
Linked: (/home/ryusei/orne_ws/devel/.private/fulanghua_srvs/share/gennodejs/ros/fulanghua_srvs/srv/Pose.js, /home/ryusei/orne_ws/devel/share/gennodejs/ros/fulanghua_srvs/srv/Pose.js)
Linked: (/home/ryusei/orne_ws/devel/.private/fulanghua_srvs/share/gennodejs/ros/fulanghua_srvs/srv/_index.js, /home/ryusei/orne_ws/devel/share/gennodejs/ros/fulanghua_srvs/srv/_index.js)
Linked: (/home/ryusei/orne_ws/devel/.private/fulanghua_srvs/include/fulanghua_srvs/PoseRequest.h, /home/ryusei/orne_ws/devel/include/fulanghua_srvs/PoseRequest.h)
Linked: (/home/ryusei/orne_ws/devel/.private/fulanghua_srvs/include/fulanghua_srvs/PoseResponse.h, /home/ryusei/orne_ws/devel/include/fulanghua_srvs/PoseResponse.h)
Linked: (/home/ryusei/orne_ws/devel/.private/fulanghua_srvs/include/fulanghua_srvs/Pose.h, /home/ryusei/orne_ws/devel/include/fulanghua_srvs/Pose.h)
